<?xml version="1.0" encoding="UTF-8"?>
<!-- Generated by org.testng.reporters.JUnitXMLReporter -->
<testsuite hostname="sasi" ignored="0" name="Test" tests="28" failures="0" timestamp="26 Jan 2025 12:34:09 GMT" time="149.04" errors="0">
  <testcase name="Test1" time="0.712" classname="org.demoproj.OmayoRight"/>
  <testcase name="Test12" time="39.047" classname="org.demoproj.OmayoRight"/>
  <testcase name="Test2" time="4.513" classname="org.demoproj.OmayoRight"/>
  <testcase name="Test3" time="0.16" classname="org.demoproj.OmayoRight"/>
  <testcase name="Test4" time="0.198" classname="org.demoproj.OmayoRight"/>
  <testcase name="Test5" time="0.37" classname="org.demoproj.OmayoRight"/>
  <testcase name="Test6" time="13.242" classname="org.demoproj.OmayoRight"/>
  <testcase name="Test7" time="0.24" classname="org.demoproj.OmayoRight"/>
  <testcase name="Test8" time="0.237" classname="org.demoproj.OmayoRight"/>
  <testcase name="Test9" time="0.524" classname="org.demoproj.OmayoRight"/>
  <testcase name="Test1" time="0.674" classname="org.demoproj.OmayoCentre"/>
  <testcase name="Test2" time="0.181" classname="org.demoproj.OmayoCentre"/>
  <testcase name="Test3" time="0.174" classname="org.demoproj.OmayoCentre"/>
  <testcase name="Test4" time="0.845" classname="org.demoproj.OmayoCentre"/>
  <testcase name="Test4" time="0.599" classname="org.demoproj.OmayoCentre"/>
  <testcase name="Test4" time="0.633" classname="org.demoproj.OmayoCentre"/>
  <testcase name="Test4" time="0.601" classname="org.demoproj.OmayoCentre"/>
  <testcase name="Test5" time="0.654" classname="org.demoproj.OmayoCentre"/>
  <testcase name="Test5" time="0.584" classname="org.demoproj.OmayoCentre"/>
  <testcase name="Test5" time="0.658" classname="org.demoproj.OmayoCentre"/>
  <testcase name="Test5" time="0.598" classname="org.demoproj.OmayoCentre"/>
  <testcase name="Test6" time="0.222" classname="org.demoproj.OmayoCentre"/>
  <testcase name="Test7" time="7.399" classname="org.demoproj.OmayoCentre"/>
  <testcase name="Test1" time="0.48" classname="org.demoproj.OmayoLeft"/>
  <testcase name="Test2" time="0.241" classname="org.demoproj.OmayoLeft"/>
  <testcase name="Test3" time="26.779" classname="org.demoproj.OmayoLeft"/>
  <testcase name="Test4" time="12.368" classname="org.demoproj.OmayoLeft"/>
  <testcase name="Test5" time="0.245" classname="org.demoproj.OmayoLeft"/>
</testsuite> <!-- Test -->
