<?xml version="1.0" encoding="UTF-8"?>
<!-- Generated by org.testng.reporters.JUnitXMLReporter -->
<testsuite hostname="sasi" ignored="0" name="Test" tests="28" failures="0" timestamp="05 Feb 2025 06:20:51 GMT" time="123.939" errors="0">
  <testcase name="Test1" time="0.468" classname="org.demoproj.OmayoRight"/>
  <testcase name="Test12" time="33.111" classname="org.demoproj.OmayoRight"/>
  <testcase name="Test2" time="0.66" classname="org.demoproj.OmayoRight"/>
  <testcase name="Test3" time="1.054" classname="org.demoproj.OmayoRight"/>
  <testcase name="Test4" time="0.306" classname="org.demoproj.OmayoRight"/>
  <testcase name="Test5" time="0.3" classname="org.demoproj.OmayoRight"/>
  <testcase name="Test6" time="13.236" classname="org.demoproj.OmayoRight"/>
  <testcase name="Test7" time="0.154" classname="org.demoproj.OmayoRight"/>
  <testcase name="Test8" time="0.186" classname="org.demoproj.OmayoRight"/>
  <testcase name="Test9" time="0.327" classname="org.demoproj.OmayoRight"/>
  <testcase name="Test1" time="0.614" classname="org.demoproj.OmayoCentre"/>
  <testcase name="Test2" time="0.152" classname="org.demoproj.OmayoCentre"/>
  <testcase name="Test3" time="0.076" classname="org.demoproj.OmayoCentre"/>
  <testcase name="Test4" time="0.733" classname="org.demoproj.OmayoCentre"/>
  <testcase name="Test4" time="0.459" classname="org.demoproj.OmayoCentre"/>
  <testcase name="Test4" time="0.436" classname="org.demoproj.OmayoCentre"/>
  <testcase name="Test4" time="0.402" classname="org.demoproj.OmayoCentre"/>
  <testcase name="Test5" time="0.436" classname="org.demoproj.OmayoCentre"/>
  <testcase name="Test5" time="0.455" classname="org.demoproj.OmayoCentre"/>
  <testcase name="Test5" time="0.6" classname="org.demoproj.OmayoCentre"/>
  <testcase name="Test5" time="0.486" classname="org.demoproj.OmayoCentre"/>
  <testcase name="Test6" time="0.19" classname="org.demoproj.OmayoCentre"/>
  <testcase name="Test7" time="5.701" classname="org.demoproj.OmayoCentre"/>
  <testcase name="Test1" time="0.669" classname="org.demoproj.OmayoLeft"/>
  <testcase name="Test2" time="0.233" classname="org.demoproj.OmayoLeft"/>
  <testcase name="Test3" time="26.528" classname="org.demoproj.OmayoLeft"/>
  <testcase name="Test4" time="12.214" classname="org.demoproj.OmayoLeft"/>
  <testcase name="Test5" time="0.185" classname="org.demoproj.OmayoLeft"/>
</testsuite> <!-- Test -->
