<?xml version="1.0" encoding="UTF-8"?>
<!-- Generated by org.testng.reporters.JUnitXMLReporter -->
<testsuite hostname="sasi" ignored="0" name="Test" tests="28" failures="0" timestamp="05 Feb 2025 07:16:49 GMT" time="145.103" errors="0">
  <testcase name="Test1" time="0.513" classname="org.demoproj.OmayoRight"/>
  <testcase name="Test12" time="47.905" classname="org.demoproj.OmayoRight"/>
  <testcase name="Test2" time="0.843" classname="org.demoproj.OmayoRight"/>
  <testcase name="Test3" time="2.899" classname="org.demoproj.OmayoRight"/>
  <testcase name="Test4" time="0.224" classname="org.demoproj.OmayoRight"/>
  <testcase name="Test5" time="0.319" classname="org.demoproj.OmayoRight"/>
  <testcase name="Test6" time="13.227" classname="org.demoproj.OmayoRight"/>
  <testcase name="Test7" time="0.218" classname="org.demoproj.OmayoRight"/>
  <testcase name="Test8" time="0.18" classname="org.demoproj.OmayoRight"/>
  <testcase name="Test9" time="0.292" classname="org.demoproj.OmayoRight"/>
  <testcase name="Test1" time="0.743" classname="org.demoproj.OmayoCentre"/>
  <testcase name="Test2" time="0.131" classname="org.demoproj.OmayoCentre"/>
  <testcase name="Test3" time="0.124" classname="org.demoproj.OmayoCentre"/>
  <testcase name="Test4" time="0.734" classname="org.demoproj.OmayoCentre"/>
  <testcase name="Test4" time="0.446" classname="org.demoproj.OmayoCentre"/>
  <testcase name="Test4" time="0.39" classname="org.demoproj.OmayoCentre"/>
  <testcase name="Test4" time="0.415" classname="org.demoproj.OmayoCentre"/>
  <testcase name="Test5" time="0.526" classname="org.demoproj.OmayoCentre"/>
  <testcase name="Test5" time="0.505" classname="org.demoproj.OmayoCentre"/>
  <testcase name="Test5" time="0.507" classname="org.demoproj.OmayoCentre"/>
  <testcase name="Test5" time="0.507" classname="org.demoproj.OmayoCentre"/>
  <testcase name="Test6" time="0.179" classname="org.demoproj.OmayoCentre"/>
  <testcase name="Test7" time="7.86" classname="org.demoproj.OmayoCentre"/>
  <testcase name="Test1" time="0.433" classname="org.demoproj.OmayoLeft"/>
  <testcase name="Test2" time="0.134" classname="org.demoproj.OmayoLeft"/>
  <testcase name="Test3" time="26.494" classname="org.demoproj.OmayoLeft"/>
  <testcase name="Test4" time="12.271" classname="org.demoproj.OmayoLeft"/>
  <testcase name="Test5" time="0.213" classname="org.demoproj.OmayoLeft"/>
</testsuite> <!-- Test -->
