<?xml version="1.0" encoding="UTF-8"?>
<!-- Generated by org.testng.reporters.JUnitXMLReporter -->
<testsuite hostname="sasi" ignored="0" name="Test" tests="28" failures="0" timestamp="05 Feb 2025 06:28:29 GMT" time="130.219" errors="0">
  <testcase name="Test1" time="0.672" classname="org.demoproj.OmayoRight"/>
  <testcase name="Test12" time="36.398" classname="org.demoproj.OmayoRight"/>
  <testcase name="Test2" time="6.688" classname="org.demoproj.OmayoRight"/>
  <testcase name="Test3" time="0.167" classname="org.demoproj.OmayoRight"/>
  <testcase name="Test4" time="0.138" classname="org.demoproj.OmayoRight"/>
  <testcase name="Test5" time="0.365" classname="org.demoproj.OmayoRight"/>
  <testcase name="Test6" time="13.216" classname="org.demoproj.OmayoRight"/>
  <testcase name="Test7" time="0.215" classname="org.demoproj.OmayoRight"/>
  <testcase name="Test8" time="0.258" classname="org.demoproj.OmayoRight"/>
  <testcase name="Test9" time="0.311" classname="org.demoproj.OmayoRight"/>
  <testcase name="Test1" time="0.739" classname="org.demoproj.OmayoCentre"/>
  <testcase name="Test2" time="0.146" classname="org.demoproj.OmayoCentre"/>
  <testcase name="Test3" time="0.145" classname="org.demoproj.OmayoCentre"/>
  <testcase name="Test4" time="0.774" classname="org.demoproj.OmayoCentre"/>
  <testcase name="Test4" time="0.454" classname="org.demoproj.OmayoCentre"/>
  <testcase name="Test4" time="0.396" classname="org.demoproj.OmayoCentre"/>
  <testcase name="Test4" time="0.454" classname="org.demoproj.OmayoCentre"/>
  <testcase name="Test5" time="0.486" classname="org.demoproj.OmayoCentre"/>
  <testcase name="Test5" time="0.443" classname="org.demoproj.OmayoCentre"/>
  <testcase name="Test5" time="0.53" classname="org.demoproj.OmayoCentre"/>
  <testcase name="Test5" time="0.435" classname="org.demoproj.OmayoCentre"/>
  <testcase name="Test6" time="0.124" classname="org.demoproj.OmayoCentre"/>
  <testcase name="Test7" time="4.708" classname="org.demoproj.OmayoCentre"/>
  <testcase name="Test1" time="0.3" classname="org.demoproj.OmayoLeft"/>
  <testcase name="Test2" time="0.133" classname="org.demoproj.OmayoLeft"/>
  <testcase name="Test3" time="26.547" classname="org.demoproj.OmayoLeft"/>
  <testcase name="Test4" time="12.287" classname="org.demoproj.OmayoLeft"/>
  <testcase name="Test5" time="0.172" classname="org.demoproj.OmayoLeft"/>
</testsuite> <!-- Test -->
