<?xml version="1.0" encoding="UTF-8"?>
<testsuite xmlns:xsi="http://www.w3.org/2001/XMLSchema-instance" xsi:noNamespaceSchemaLocation="https://maven.apache.org/surefire/maven-surefire-plugin/xsd/surefire-test-report.xsd" name="TestSuite" time="130.974" tests="28" errors="0" skipped="0" failures="0">
  <properties>
[...]
</properties>
  <testcase name="Test1" classname="org.demoproj.OmayoRight" time="0.672"/>
  <testcase name="Test12" classname="org.demoproj.OmayoRight" time="36.401"/>
  <testcase name="Test2" classname="org.demoproj.OmayoRight" time="6.686"/>
  <testcase name="Test3" classname="org.demoproj.OmayoRight" time="0.167"/>
  <testcase name="Test4" classname="org.demoproj.OmayoRight" time="0.129"/>
  <testcase name="Test5" classname="org.demoproj.OmayoRight" time="0.365"/>
  <testcase name="Test6" classname="org.demoproj.OmayoRight" time="13.219"/>
  <testcase name="Test7" classname="org.demoproj.OmayoRight" time="0.213"/>
  <testcase name="Test8" classname="org.demoproj.OmayoRight" time="0.244"/>
  <testcase name="Test9" classname="org.demoproj.OmayoRight" time="0.313"/>
  <testcase name="Test1" classname="org.demoproj.OmayoCentre" time="0.739"/>
  <testcase name="Test2" classname="org.demoproj.OmayoCentre" time="0.146"/>
  <testcase name="Test3" classname="org.demoproj.OmayoCentre" time="0.146"/>
  <testcase name="Test4" classname="org.demoproj.OmayoCentre" time="0.77"/>
  <testcase name="Test4" classname="org.demoproj.OmayoCentre" time="0.454"/>
  <testcase name="Test4" classname="org.demoproj.OmayoCentre" time="0.402"/>
  <testcase name="Test4" classname="org.demoproj.OmayoCentre" time="0.454"/>
  <testcase name="Test5" classname="org.demoproj.OmayoCentre" time="0.494"/>
  <testcase name="Test5" classname="org.demoproj.OmayoCentre" time="0.439"/>
  <testcase name="Test5" classname="org.demoproj.OmayoCentre" time="0.536"/>
  <testcase name="Test5" classname="org.demoproj.OmayoCentre" time="0.435"/>
  <testcase name="Test6" classname="org.demoproj.OmayoCentre" time="0.124"/>
  <testcase name="Test7" classname="org.demoproj.OmayoCentre" time="4.709"/>
  <testcase name="Test1" classname="org.demoproj.OmayoLeft" time="0.299"/>
  <testcase name="Test2" classname="org.demoproj.OmayoLeft" time="0.134"/>
  <testcase name="Test3" classname="org.demoproj.OmayoLeft" time="26.545"/>
  <testcase name="Test4" classname="org.demoproj.OmayoLeft" time="12.291"/>
  <testcase name="Test5" classname="org.demoproj.OmayoLeft" time="0.172"/>
</testsuite>