<?xml version="1.0" encoding="UTF-8"?>
<testng-results skipped="0" failed="0" ignored="0" total="28" passed="28">
  <reporter-output>
  </reporter-output>
  <suite name="Suite" duration-ms="145103" started-at="2025-02-05T07:14:24Z" finished-at="2025-02-05T07:16:49Z">
    <groups>
      <group name="leftomayo">
        <method signature="OmayoLeft.Test1(java.lang.String, java.lang.String)[pri:0, instance:org.demoproj.OmayoLeft@4de8b406]" name="Test1" class="org.demoproj.OmayoLeft"/>
        <method signature="OmayoLeft.Test2()[pri:0, instance:org.demoproj.OmayoLeft@4de8b406]" name="Test2" class="org.demoproj.OmayoLeft"/>
        <method signature="OmayoLeft.Test3()[pri:0, instance:org.demoproj.OmayoLeft@4de8b406]" name="Test3" class="org.demoproj.OmayoLeft"/>
        <method signature="OmayoLeft.Test4()[pri:0, instance:org.demoproj.OmayoLeft@4de8b406]" name="Test4" class="org.demoproj.OmayoLeft"/>
        <method signature="OmayoLeft.Test5()[pri:0, instance:org.demoproj.OmayoLeft@4de8b406]" name="Test5" class="org.demoproj.OmayoLeft"/>
      </group> <!-- leftomayo -->
      <group name="rightomayo">
        <method signature="OmayoRight.Test1()[pri:0, instance:org.demoproj.OmayoRight@1efbd816]" name="Test1" class="org.demoproj.OmayoRight"/>
        <method signature="OmayoRight.Test12()[pri:0, instance:org.demoproj.OmayoRight@1efbd816]" name="Test12" class="org.demoproj.OmayoRight"/>
        <method signature="OmayoRight.Test2()[pri:0, instance:org.demoproj.OmayoRight@1efbd816]" name="Test2" class="org.demoproj.OmayoRight"/>
        <method signature="OmayoRight.Test3()[pri:0, instance:org.demoproj.OmayoRight@1efbd816]" name="Test3" class="org.demoproj.OmayoRight"/>
        <method signature="OmayoRight.Test4()[pri:0, instance:org.demoproj.OmayoRight@1efbd816]" name="Test4" class="org.demoproj.OmayoRight"/>
        <method signature="OmayoRight.Test5()[pri:0, instance:org.demoproj.OmayoRight@1efbd816]" name="Test5" class="org.demoproj.OmayoRight"/>
        <method signature="OmayoRight.Test6()[pri:0, instance:org.demoproj.OmayoRight@1efbd816]" name="Test6" class="org.demoproj.OmayoRight"/>
        <method signature="OmayoRight.Test7()[pri:0, instance:org.demoproj.OmayoRight@1efbd816]" name="Test7" class="org.demoproj.OmayoRight"/>
        <method signature="OmayoRight.Test8()[pri:0, instance:org.demoproj.OmayoRight@1efbd816]" name="Test8" class="org.demoproj.OmayoRight"/>
        <method signature="OmayoRight.Test9()[pri:0, instance:org.demoproj.OmayoRight@1efbd816]" name="Test9" class="org.demoproj.OmayoRight"/>
      </group> <!-- rightomayo -->
      <group name="centreomayo">
        <method signature="OmayoCentre.Test1()[pri:0, instance:org.demoproj.OmayoCentre@6a2bcfcb]" name="Test1" class="org.demoproj.OmayoCentre"/>
        <method signature="OmayoCentre.Test2()[pri:0, instance:org.demoproj.OmayoCentre@6a2bcfcb]" name="Test2" class="org.demoproj.OmayoCentre"/>
        <method signature="OmayoCentre.Test3()[pri:0, instance:org.demoproj.OmayoCentre@6a2bcfcb]" name="Test3" class="org.demoproj.OmayoCentre"/>
        <method signature="OmayoCentre.Test4(java.lang.String, java.lang.String)[pri:0, instance:org.demoproj.OmayoCentre@6a2bcfcb]" name="Test4" class="org.demoproj.OmayoCentre"/>
        <method signature="OmayoCentre.Test5(java.lang.String, java.lang.String)[pri:0, instance:org.demoproj.OmayoCentre@6a2bcfcb]" name="Test5" class="org.demoproj.OmayoCentre"/>
        <method signature="OmayoCentre.Test6()[pri:0, instance:org.demoproj.OmayoCentre@6a2bcfcb]" name="Test6" class="org.demoproj.OmayoCentre"/>
        <method signature="OmayoCentre.Test7()[pri:0, instance:org.demoproj.OmayoCentre@6a2bcfcb]" name="Test7" class="org.demoproj.OmayoCentre"/>
      </group> <!-- centreomayo -->
    </groups>
    <test name="Test" duration-ms="145103" started-at="2025-02-05T07:14:24Z" finished-at="2025-02-05T07:16:49Z">
      <class name="org.demoproj.OmayoRight">
        <test-method status="PASS" signature="beforClass()[pri:0, instance:org.demoproj.OmayoRight@1efbd816]" name="beforClass" is-config="true" duration-ms="9451" started-at="2025-02-05T07:14:24Z" finished-at="2025-02-05T07:14:33Z">
          <reporter-output>
          </reporter-output>
        </test-method> <!-- beforClass -->
        <test-method status="PASS" signature="beforeMethod()[pri:0, instance:org.demoproj.OmayoRight@1efbd816]" name="beforeMethod" is-config="true" duration-ms="1" started-at="2025-02-05T07:14:33Z" finished-at="2025-02-05T07:14:33Z">
          <reporter-output>
          </reporter-output>
        </test-method> <!-- beforeMethod -->
        <test-method status="PASS" signature="Test1()[pri:0, instance:org.demoproj.OmayoRight@1efbd816]" name="Test1" duration-ms="513" started-at="2025-02-05T07:14:33Z" finished-at="2025-02-05T07:14:34Z">
          <reporter-output>
          </reporter-output>
        </test-method> <!-- Test1 -->
        <test-method status="PASS" signature="beforeMethod()[pri:0, instance:org.demoproj.OmayoRight@1efbd816]" name="beforeMethod" is-config="true" duration-ms="0" started-at="2025-02-05T07:14:34Z" finished-at="2025-02-05T07:14:34Z">
          <reporter-output>
          </reporter-output>
        </test-method> <!-- beforeMethod -->
        <test-method status="PASS" signature="Test12()[pri:0, instance:org.demoproj.OmayoRight@1efbd816]" name="Test12" duration-ms="47905" started-at="2025-02-05T07:14:34Z" finished-at="2025-02-05T07:15:21Z">
          <reporter-output>
          </reporter-output>
        </test-method> <!-- Test12 -->
        <test-method status="PASS" signature="afterMethod()[pri:0, instance:org.demoproj.OmayoRight@1efbd816]" name="afterMethod" is-config="true" duration-ms="0" started-at="2025-02-05T07:14:34Z" finished-at="2025-02-05T07:14:34Z">
          <reporter-output>
          </reporter-output>
        </test-method> <!-- afterMethod -->
        <test-method status="PASS" signature="afterMethod()[pri:0, instance:org.demoproj.OmayoRight@1efbd816]" name="afterMethod" is-config="true" duration-ms="0" started-at="2025-02-05T07:15:21Z" finished-at="2025-02-05T07:15:21Z">
          <reporter-output>
          </reporter-output>
        </test-method> <!-- afterMethod -->
        <test-method status="PASS" signature="beforeMethod()[pri:0, instance:org.demoproj.OmayoRight@1efbd816]" name="beforeMethod" is-config="true" duration-ms="0" started-at="2025-02-05T07:15:21Z" finished-at="2025-02-05T07:15:21Z">
          <reporter-output>
          </reporter-output>
        </test-method> <!-- beforeMethod -->
        <test-method status="PASS" signature="Test2()[pri:0, instance:org.demoproj.OmayoRight@1efbd816]" name="Test2" duration-ms="843" started-at="2025-02-05T07:15:21Z" finished-at="2025-02-05T07:15:22Z">
          <reporter-output>
          </reporter-output>
        </test-method> <!-- Test2 -->
        <test-method status="PASS" signature="afterMethod()[pri:0, instance:org.demoproj.OmayoRight@1efbd816]" name="afterMethod" is-config="true" duration-ms="1" started-at="2025-02-05T07:15:22Z" finished-at="2025-02-05T07:15:22Z">
          <reporter-output>
          </reporter-output>
        </test-method> <!-- afterMethod -->
        <test-method status="PASS" signature="beforeMethod()[pri:0, instance:org.demoproj.OmayoRight@1efbd816]" name="beforeMethod" is-config="true" duration-ms="1" started-at="2025-02-05T07:15:22Z" finished-at="2025-02-05T07:15:22Z">
          <reporter-output>
          </reporter-output>
        </test-method> <!-- beforeMethod -->
        <test-method status="PASS" signature="Test3()[pri:0, instance:org.demoproj.OmayoRight@1efbd816]" name="Test3" duration-ms="2899" started-at="2025-02-05T07:15:22Z" finished-at="2025-02-05T07:15:25Z">
          <reporter-output>
          </reporter-output>
        </test-method> <!-- Test3 -->
        <test-method status="PASS" signature="afterMethod()[pri:0, instance:org.demoproj.OmayoRight@1efbd816]" name="afterMethod" is-config="true" duration-ms="0" started-at="2025-02-05T07:15:25Z" finished-at="2025-02-05T07:15:25Z">
          <reporter-output>
          </reporter-output>
        </test-method> <!-- afterMethod -->
        <test-method status="PASS" signature="beforeMethod()[pri:0, instance:org.demoproj.OmayoRight@1efbd816]" name="beforeMethod" is-config="true" duration-ms="1" started-at="2025-02-05T07:15:25Z" finished-at="2025-02-05T07:15:25Z">
          <reporter-output>
          </reporter-output>
        </test-method> <!-- beforeMethod -->
        <test-method status="PASS" signature="Test4()[pri:0, instance:org.demoproj.OmayoRight@1efbd816]" name="Test4" duration-ms="224" started-at="2025-02-05T07:15:25Z" finished-at="2025-02-05T07:15:25Z">
          <reporter-output>
          </reporter-output>
        </test-method> <!-- Test4 -->
        <test-method status="PASS" signature="afterMethod()[pri:0, instance:org.demoproj.OmayoRight@1efbd816]" name="afterMethod" is-config="true" duration-ms="1" started-at="2025-02-05T07:15:25Z" finished-at="2025-02-05T07:15:25Z">
          <reporter-output>
          </reporter-output>
        </test-method> <!-- afterMethod -->
        <test-method status="PASS" signature="beforeMethod()[pri:0, instance:org.demoproj.OmayoRight@1efbd816]" name="beforeMethod" is-config="true" duration-ms="1" started-at="2025-02-05T07:15:25Z" finished-at="2025-02-05T07:15:25Z">
          <reporter-output>
          </reporter-output>
        </test-method> <!-- beforeMethod -->
        <test-method status="PASS" signature="Test5()[pri:0, instance:org.demoproj.OmayoRight@1efbd816]" name="Test5" duration-ms="319" started-at="2025-02-05T07:15:25Z" finished-at="2025-02-05T07:15:26Z">
          <reporter-output>
          </reporter-output>
        </test-method> <!-- Test5 -->
        <test-method status="PASS" signature="afterMethod()[pri:0, instance:org.demoproj.OmayoRight@1efbd816]" name="afterMethod" is-config="true" duration-ms="0" started-at="2025-02-05T07:15:26Z" finished-at="2025-02-05T07:15:26Z">
          <reporter-output>
          </reporter-output>
        </test-method> <!-- afterMethod -->
        <test-method status="PASS" signature="beforeMethod()[pri:0, instance:org.demoproj.OmayoRight@1efbd816]" name="beforeMethod" is-config="true" duration-ms="0" started-at="2025-02-05T07:15:26Z" finished-at="2025-02-05T07:15:26Z">
          <reporter-output>
          </reporter-output>
        </test-method> <!-- beforeMethod -->
        <test-method status="PASS" signature="Test6()[pri:0, instance:org.demoproj.OmayoRight@1efbd816]" name="Test6" duration-ms="13227" started-at="2025-02-05T07:15:26Z" finished-at="2025-02-05T07:15:39Z">
          <reporter-output>
          </reporter-output>
        </test-method> <!-- Test6 -->
        <test-method status="PASS" signature="afterMethod()[pri:0, instance:org.demoproj.OmayoRight@1efbd816]" name="afterMethod" is-config="true" duration-ms="4" started-at="2025-02-05T07:15:39Z" finished-at="2025-02-05T07:15:39Z">
          <reporter-output>
          </reporter-output>
        </test-method> <!-- afterMethod -->
        <test-method status="PASS" signature="Test7()[pri:0, instance:org.demoproj.OmayoRight@1efbd816]" name="Test7" duration-ms="218" started-at="2025-02-05T07:15:39Z" finished-at="2025-02-05T07:15:39Z">
          <reporter-output>
          </reporter-output>
        </test-method> <!-- Test7 -->
        <test-method status="PASS" signature="beforeMethod()[pri:0, instance:org.demoproj.OmayoRight@1efbd816]" name="beforeMethod" is-config="true" duration-ms="0" started-at="2025-02-05T07:15:39Z" finished-at="2025-02-05T07:15:39Z">
          <reporter-output>
          </reporter-output>
        </test-method> <!-- beforeMethod -->
        <test-method status="PASS" signature="Test8()[pri:0, instance:org.demoproj.OmayoRight@1efbd816]" name="Test8" duration-ms="180" started-at="2025-02-05T07:15:39Z" finished-at="2025-02-05T07:15:39Z">
          <reporter-output>
          </reporter-output>
        </test-method> <!-- Test8 -->
        <test-method status="PASS" signature="afterMethod()[pri:0, instance:org.demoproj.OmayoRight@1efbd816]" name="afterMethod" is-config="true" duration-ms="0" started-at="2025-02-05T07:15:39Z" finished-at="2025-02-05T07:15:39Z">
          <reporter-output>
          </reporter-output>
        </test-method> <!-- afterMethod -->
        <test-method status="PASS" signature="beforeMethod()[pri:0, instance:org.demoproj.OmayoRight@1efbd816]" name="beforeMethod" is-config="true" duration-ms="0" started-at="2025-02-05T07:15:39Z" finished-at="2025-02-05T07:15:39Z">
          <reporter-output>
          </reporter-output>
        </test-method> <!-- beforeMethod -->
        <test-method status="PASS" signature="afterMethod()[pri:0, instance:org.demoproj.OmayoRight@1efbd816]" name="afterMethod" is-config="true" duration-ms="0" started-at="2025-02-05T07:15:39Z" finished-at="2025-02-05T07:15:39Z">
          <reporter-output>
          </reporter-output>
        </test-method> <!-- afterMethod -->
        <test-method status="PASS" signature="beforeMethod()[pri:0, instance:org.demoproj.OmayoRight@1efbd816]" name="beforeMethod" is-config="true" duration-ms="0" started-at="2025-02-05T07:15:39Z" finished-at="2025-02-05T07:15:39Z">
          <reporter-output>
          </reporter-output>
        </test-method> <!-- beforeMethod -->
        <test-method status="PASS" signature="Test9()[pri:0, instance:org.demoproj.OmayoRight@1efbd816]" name="Test9" duration-ms="292" started-at="2025-02-05T07:15:39Z" finished-at="2025-02-05T07:15:40Z">
          <reporter-output>
          </reporter-output>
        </test-method> <!-- Test9 -->
        <test-method status="PASS" signature="afterMethod()[pri:0, instance:org.demoproj.OmayoRight@1efbd816]" name="afterMethod" is-config="true" duration-ms="1" started-at="2025-02-05T07:15:40Z" finished-at="2025-02-05T07:15:40Z">
          <reporter-output>
          </reporter-output>
        </test-method> <!-- afterMethod -->
        <test-method status="PASS" signature="afterClass()[pri:0, instance:org.demoproj.OmayoRight@1efbd816]" name="afterClass" is-config="true" duration-ms="919" started-at="2025-02-05T07:15:40Z" finished-at="2025-02-05T07:15:41Z">
          <reporter-output>
          </reporter-output>
        </test-method> <!-- afterClass -->
      </class> <!-- org.demoproj.OmayoRight -->
      <class name="org.demoproj.OmayoLeft">
        <test-method status="PASS" signature="beforeClass()[pri:0, instance:org.demoproj.OmayoLeft@4de8b406]" name="beforeClass" is-config="true" duration-ms="6060" started-at="2025-02-05T07:16:02Z" finished-at="2025-02-05T07:16:08Z">
          <reporter-output>
          </reporter-output>
        </test-method> <!-- beforeClass -->
        <test-method status="PASS" signature="beforeMethod()[pri:0, instance:org.demoproj.OmayoLeft@4de8b406]" name="beforeMethod" is-config="true" duration-ms="1" started-at="2025-02-05T07:16:08Z" finished-at="2025-02-05T07:16:08Z">
          <reporter-output>
          </reporter-output>
        </test-method> <!-- beforeMethod -->
        <test-method status="PASS" signature="Test1(java.lang.String, java.lang.String)[pri:0, instance:org.demoproj.OmayoLeft@4de8b406]" name="Test1" duration-ms="433" started-at="2025-02-05T07:16:08Z" finished-at="2025-02-05T07:16:08Z">
          <params>
            <param index="0">
              <value>
                <![CDATA[Swift]]>
              </value>
            </param>
            <param index="1">
              <value>
                <![CDATA[Hyundai]]>
              </value>
            </param>
          </params>
          <reporter-output>
          </reporter-output>
        </test-method> <!-- Test1 -->
        <test-method status="PASS" signature="afterMethod()[pri:0, instance:org.demoproj.OmayoLeft@4de8b406]" name="afterMethod" is-config="true" duration-ms="1" started-at="2025-02-05T07:16:08Z" finished-at="2025-02-05T07:16:08Z">
          <reporter-output>
          </reporter-output>
        </test-method> <!-- afterMethod -->
        <test-method status="PASS" signature="beforeMethod()[pri:0, instance:org.demoproj.OmayoLeft@4de8b406]" name="beforeMethod" is-config="true" duration-ms="0" started-at="2025-02-05T07:16:09Z" finished-at="2025-02-05T07:16:09Z">
          <reporter-output>
          </reporter-output>
        </test-method> <!-- beforeMethod -->
        <test-method status="PASS" signature="Test2()[pri:0, instance:org.demoproj.OmayoLeft@4de8b406]" name="Test2" duration-ms="134" started-at="2025-02-05T07:16:09Z" finished-at="2025-02-05T07:16:09Z">
          <reporter-output>
          </reporter-output>
        </test-method> <!-- Test2 -->
        <test-method status="PASS" signature="beforeMethod()[pri:0, instance:org.demoproj.OmayoLeft@4de8b406]" name="beforeMethod" is-config="true" duration-ms="4" started-at="2025-02-05T07:16:09Z" finished-at="2025-02-05T07:16:09Z">
          <reporter-output>
          </reporter-output>
        </test-method> <!-- beforeMethod -->
        <test-method status="PASS" signature="afterMethod()[pri:0, instance:org.demoproj.OmayoLeft@4de8b406]" name="afterMethod" is-config="true" duration-ms="0" started-at="2025-02-05T07:16:09Z" finished-at="2025-02-05T07:16:09Z">
          <reporter-output>
          </reporter-output>
        </test-method> <!-- afterMethod -->
        <test-method status="PASS" signature="Test3()[pri:0, instance:org.demoproj.OmayoLeft@4de8b406]" name="Test3" duration-ms="26494" started-at="2025-02-05T07:16:09Z" finished-at="2025-02-05T07:16:35Z">
          <reporter-output>
          </reporter-output>
        </test-method> <!-- Test3 -->
        <test-method status="PASS" signature="afterMethod()[pri:0, instance:org.demoproj.OmayoLeft@4de8b406]" name="afterMethod" is-config="true" duration-ms="3" started-at="2025-02-05T07:16:35Z" finished-at="2025-02-05T07:16:35Z">
          <reporter-output>
          </reporter-output>
        </test-method> <!-- afterMethod -->
        <test-method status="PASS" signature="beforeMethod()[pri:0, instance:org.demoproj.OmayoLeft@4de8b406]" name="beforeMethod" is-config="true" duration-ms="3" started-at="2025-02-05T07:16:35Z" finished-at="2025-02-05T07:16:35Z">
          <reporter-output>
          </reporter-output>
        </test-method> <!-- beforeMethod -->
        <test-method status="PASS" signature="Test4()[pri:0, instance:org.demoproj.OmayoLeft@4de8b406]" name="Test4" duration-ms="12271" started-at="2025-02-05T07:16:35Z" finished-at="2025-02-05T07:16:47Z">
          <reporter-output>
          </reporter-output>
        </test-method> <!-- Test4 -->
        <test-method status="PASS" signature="afterMethod()[pri:0, instance:org.demoproj.OmayoLeft@4de8b406]" name="afterMethod" is-config="true" duration-ms="4" started-at="2025-02-05T07:16:47Z" finished-at="2025-02-05T07:16:47Z">
          <reporter-output>
          </reporter-output>
        </test-method> <!-- afterMethod -->
        <test-method status="PASS" signature="beforeMethod()[pri:0, instance:org.demoproj.OmayoLeft@4de8b406]" name="beforeMethod" is-config="true" duration-ms="1" started-at="2025-02-05T07:16:47Z" finished-at="2025-02-05T07:16:47Z">
          <reporter-output>
          </reporter-output>
        </test-method> <!-- beforeMethod -->
        <test-method status="PASS" signature="Test5()[pri:0, instance:org.demoproj.OmayoLeft@4de8b406]" name="Test5" duration-ms="213" started-at="2025-02-05T07:16:47Z" finished-at="2025-02-05T07:16:48Z">
          <reporter-output>
          </reporter-output>
        </test-method> <!-- Test5 -->
        <test-method status="PASS" signature="afterMethod()[pri:0, instance:org.demoproj.OmayoLeft@4de8b406]" name="afterMethod" is-config="true" duration-ms="1" started-at="2025-02-05T07:16:48Z" finished-at="2025-02-05T07:16:48Z">
          <reporter-output>
          </reporter-output>
        </test-method> <!-- afterMethod -->
        <test-method status="PASS" signature="afterClass()[pri:0, instance:org.demoproj.OmayoLeft@4de8b406]" name="afterClass" is-config="true" duration-ms="1022" started-at="2025-02-05T07:16:48Z" finished-at="2025-02-05T07:16:49Z">
          <reporter-output>
          </reporter-output>
        </test-method> <!-- afterClass -->
      </class> <!-- org.demoproj.OmayoLeft -->
      <class name="org.demoproj.OmayoCentre">
        <test-method status="PASS" signature="beforeClass()[pri:0, instance:org.demoproj.OmayoCentre@6a2bcfcb]" name="beforeClass" is-config="true" duration-ms="7458" started-at="2025-02-05T07:15:41Z" finished-at="2025-02-05T07:15:48Z">
          <reporter-output>
          </reporter-output>
        </test-method> <!-- beforeClass -->
        <test-method status="PASS" signature="beforeMethod()[pri:0, instance:org.demoproj.OmayoCentre@6a2bcfcb]" name="beforeMethod" is-config="true" duration-ms="0" started-at="2025-02-05T07:15:48Z" finished-at="2025-02-05T07:15:48Z">
          <reporter-output>
          </reporter-output>
        </test-method> <!-- beforeMethod -->
        <test-method status="PASS" signature="Test1()[pri:0, instance:org.demoproj.OmayoCentre@6a2bcfcb]" name="Test1" duration-ms="743" started-at="2025-02-05T07:15:48Z" finished-at="2025-02-05T07:15:49Z">
          <reporter-output>
          </reporter-output>
        </test-method> <!-- Test1 -->
        <test-method status="PASS" signature="afterMethod()[pri:0, instance:org.demoproj.OmayoCentre@6a2bcfcb]" name="afterMethod" is-config="true" duration-ms="0" started-at="2025-02-05T07:15:49Z" finished-at="2025-02-05T07:15:49Z">
          <reporter-output>
          </reporter-output>
        </test-method> <!-- afterMethod -->
        <test-method status="PASS" signature="beforeMethod()[pri:0, instance:org.demoproj.OmayoCentre@6a2bcfcb]" name="beforeMethod" is-config="true" duration-ms="1" started-at="2025-02-05T07:15:49Z" finished-at="2025-02-05T07:15:49Z">
          <reporter-output>
          </reporter-output>
        </test-method> <!-- beforeMethod -->
        <test-method status="PASS" signature="Test2()[pri:0, instance:org.demoproj.OmayoCentre@6a2bcfcb]" name="Test2" duration-ms="131" started-at="2025-02-05T07:15:49Z" finished-at="2025-02-05T07:15:49Z">
          <reporter-output>
          </reporter-output>
        </test-method> <!-- Test2 -->
        <test-method status="PASS" signature="afterMethod()[pri:0, instance:org.demoproj.OmayoCentre@6a2bcfcb]" name="afterMethod" is-config="true" duration-ms="0" started-at="2025-02-05T07:15:49Z" finished-at="2025-02-05T07:15:49Z">
          <reporter-output>
          </reporter-output>
        </test-method> <!-- afterMethod -->
        <test-method status="PASS" signature="beforeMethod()[pri:0, instance:org.demoproj.OmayoCentre@6a2bcfcb]" name="beforeMethod" is-config="true" duration-ms="0" started-at="2025-02-05T07:15:49Z" finished-at="2025-02-05T07:15:49Z">
          <reporter-output>
          </reporter-output>
        </test-method> <!-- beforeMethod -->
        <test-method status="PASS" signature="Test3()[pri:0, instance:org.demoproj.OmayoCentre@6a2bcfcb]" name="Test3" duration-ms="124" started-at="2025-02-05T07:15:49Z" finished-at="2025-02-05T07:15:49Z">
          <reporter-output>
          </reporter-output>
        </test-method> <!-- Test3 -->
        <test-method status="PASS" signature="afterMethod()[pri:0, instance:org.demoproj.OmayoCentre@6a2bcfcb]" name="afterMethod" is-config="true" duration-ms="0" started-at="2025-02-05T07:15:49Z" finished-at="2025-02-05T07:15:49Z">
          <reporter-output>
          </reporter-output>
        </test-method> <!-- afterMethod -->
        <test-method status="PASS" signature="beforeMethod()[pri:0, instance:org.demoproj.OmayoCentre@6a2bcfcb]" name="beforeMethod" is-config="true" duration-ms="0" started-at="2025-02-05T07:15:49Z" finished-at="2025-02-05T07:15:49Z">
          <reporter-output>
          </reporter-output>
        </test-method> <!-- beforeMethod -->
        <test-method status="PASS" signature="Test4(java.lang.String, java.lang.String)[pri:0, instance:org.demoproj.OmayoCentre@6a2bcfcb]" name="Test4" duration-ms="734" started-at="2025-02-05T07:15:49Z" data-provider="username&amp;password" finished-at="2025-02-05T07:15:50Z">
          <params>
            <param index="0">
              <value>
                <![CDATA[sasi]]>
              </value>
            </param>
            <param index="1">
              <value>
                <![CDATA[java]]>
              </value>
            </param>
          </params>
          <reporter-output>
          </reporter-output>
        </test-method> <!-- Test4 -->
        <test-method status="PASS" signature="beforeMethod()[pri:0, instance:org.demoproj.OmayoCentre@6a2bcfcb]" name="beforeMethod" is-config="true" duration-ms="0" started-at="2025-02-05T07:15:50Z" finished-at="2025-02-05T07:15:50Z">
          <reporter-output>
          </reporter-output>
        </test-method> <!-- beforeMethod -->
        <test-method status="PASS" signature="afterMethod()[pri:0, instance:org.demoproj.OmayoCentre@6a2bcfcb]" name="afterMethod" is-config="true" duration-ms="0" started-at="2025-02-05T07:15:50Z" finished-at="2025-02-05T07:15:50Z">
          <reporter-output>
          </reporter-output>
        </test-method> <!-- afterMethod -->
        <test-method status="PASS" signature="Test4(java.lang.String, java.lang.String)[pri:0, instance:org.demoproj.OmayoCentre@6a2bcfcb]" name="Test4" duration-ms="446" started-at="2025-02-05T07:15:50Z" data-provider="username&amp;password" finished-at="2025-02-05T07:15:50Z">
          <params>
            <param index="0">
              <value>
                <![CDATA[kumar]]>
              </value>
            </param>
            <param index="1">
              <value>
                <![CDATA[python]]>
              </value>
            </param>
          </params>
          <reporter-output>
          </reporter-output>
        </test-method> <!-- Test4 -->
        <test-method status="PASS" signature="beforeMethod()[pri:0, instance:org.demoproj.OmayoCentre@6a2bcfcb]" name="beforeMethod" is-config="true" duration-ms="4" started-at="2025-02-05T07:15:50Z" finished-at="2025-02-05T07:15:50Z">
          <reporter-output>
          </reporter-output>
        </test-method> <!-- beforeMethod -->
        <test-method status="PASS" signature="afterMethod()[pri:0, instance:org.demoproj.OmayoCentre@6a2bcfcb]" name="afterMethod" is-config="true" duration-ms="0" started-at="2025-02-05T07:15:50Z" finished-at="2025-02-05T07:15:50Z">
          <reporter-output>
          </reporter-output>
        </test-method> <!-- afterMethod -->
        <test-method status="PASS" signature="Test4(java.lang.String, java.lang.String)[pri:0, instance:org.demoproj.OmayoCentre@6a2bcfcb]" name="Test4" duration-ms="390" started-at="2025-02-05T07:15:50Z" data-provider="username&amp;password" finished-at="2025-02-05T07:15:51Z">
          <params>
            <param index="0">
              <value>
                <![CDATA[wiki]]>
              </value>
            </param>
            <param index="1">
              <value>
                <![CDATA[selenium]]>
              </value>
            </param>
          </params>
          <reporter-output>
          </reporter-output>
        </test-method> <!-- Test4 -->
        <test-method status="PASS" signature="afterMethod()[pri:0, instance:org.demoproj.OmayoCentre@6a2bcfcb]" name="afterMethod" is-config="true" duration-ms="0" started-at="2025-02-05T07:15:51Z" finished-at="2025-02-05T07:15:51Z">
          <reporter-output>
          </reporter-output>
        </test-method> <!-- afterMethod -->
        <test-method status="PASS" signature="beforeMethod()[pri:0, instance:org.demoproj.OmayoCentre@6a2bcfcb]" name="beforeMethod" is-config="true" duration-ms="0" started-at="2025-02-05T07:15:51Z" finished-at="2025-02-05T07:15:51Z">
          <reporter-output>
          </reporter-output>
        </test-method> <!-- beforeMethod -->
        <test-method status="PASS" signature="Test4(java.lang.String, java.lang.String)[pri:0, instance:org.demoproj.OmayoCentre@6a2bcfcb]" name="Test4" duration-ms="415" started-at="2025-02-05T07:15:51Z" data-provider="username&amp;password" finished-at="2025-02-05T07:15:51Z">
          <params>
            <param index="0">
              <value>
                <![CDATA[junit]]>
              </value>
            </param>
            <param index="1">
              <value>
                <![CDATA[testng]]>
              </value>
            </param>
          </params>
          <reporter-output>
          </reporter-output>
        </test-method> <!-- Test4 -->
        <test-method status="PASS" signature="afterMethod()[pri:0, instance:org.demoproj.OmayoCentre@6a2bcfcb]" name="afterMethod" is-config="true" duration-ms="1" started-at="2025-02-05T07:15:51Z" finished-at="2025-02-05T07:15:51Z">
          <reporter-output>
          </reporter-output>
        </test-method> <!-- afterMethod -->
        <test-method status="PASS" signature="beforeMethod()[pri:0, instance:org.demoproj.OmayoCentre@6a2bcfcb]" name="beforeMethod" is-config="true" duration-ms="0" started-at="2025-02-05T07:15:51Z" finished-at="2025-02-05T07:15:51Z">
          <reporter-output>
          </reporter-output>
        </test-method> <!-- beforeMethod -->
        <test-method status="PASS" signature="Test5(java.lang.String, java.lang.String)[pri:0, instance:org.demoproj.OmayoCentre@6a2bcfcb]" name="Test5" duration-ms="526" started-at="2025-02-05T07:15:51Z" data-provider="username&amp;password2" finished-at="2025-02-05T07:15:52Z">
          <params>
            <param index="0">
              <value>
                <![CDATA[sasi@gmail.com]]>
              </value>
            </param>
            <param index="1">
              <value>
                <![CDATA[736844]]>
              </value>
            </param>
          </params>
          <reporter-output>
          </reporter-output>
        </test-method> <!-- Test5 -->
        <test-method status="PASS" signature="beforeMethod()[pri:0, instance:org.demoproj.OmayoCentre@6a2bcfcb]" name="beforeMethod" is-config="true" duration-ms="0" started-at="2025-02-05T07:15:52Z" finished-at="2025-02-05T07:15:52Z">
          <reporter-output>
          </reporter-output>
        </test-method> <!-- beforeMethod -->
        <test-method status="PASS" signature="Test5(java.lang.String, java.lang.String)[pri:0, instance:org.demoproj.OmayoCentre@6a2bcfcb]" name="Test5" duration-ms="505" started-at="2025-02-05T07:15:52Z" data-provider="username&amp;password2" finished-at="2025-02-05T07:15:52Z">
          <params>
            <param index="0">
              <value>
                <![CDATA[kumar@tcs.com]]>
              </value>
            </param>
            <param index="1">
              <value>
                <![CDATA[84785]]>
              </value>
            </param>
          </params>
          <reporter-output>
          </reporter-output>
        </test-method> <!-- Test5 -->
        <test-method status="PASS" signature="afterMethod()[pri:0, instance:org.demoproj.OmayoCentre@6a2bcfcb]" name="afterMethod" is-config="true" duration-ms="0" started-at="2025-02-05T07:15:52Z" finished-at="2025-02-05T07:15:52Z">
          <reporter-output>
          </reporter-output>
        </test-method> <!-- afterMethod -->
        <test-method status="PASS" signature="afterMethod()[pri:0, instance:org.demoproj.OmayoCentre@6a2bcfcb]" name="afterMethod" is-config="true" duration-ms="0" started-at="2025-02-05T07:15:52Z" finished-at="2025-02-05T07:15:52Z">
          <reporter-output>
          </reporter-output>
        </test-method> <!-- afterMethod -->
        <test-method status="PASS" signature="Test5(java.lang.String, java.lang.String)[pri:0, instance:org.demoproj.OmayoCentre@6a2bcfcb]" name="Test5" duration-ms="507" started-at="2025-02-05T07:15:52Z" data-provider="username&amp;password2" finished-at="2025-02-05T07:15:53Z">
          <params>
            <param index="0">
              <value>
                <![CDATA[wiki@admin.com]]>
              </value>
            </param>
            <param index="1">
              <value>
                <![CDATA[74674]]>
              </value>
            </param>
          </params>
          <reporter-output>
          </reporter-output>
        </test-method> <!-- Test5 -->
        <test-method status="PASS" signature="beforeMethod()[pri:0, instance:org.demoproj.OmayoCentre@6a2bcfcb]" name="beforeMethod" is-config="true" duration-ms="0" started-at="2025-02-05T07:15:52Z" finished-at="2025-02-05T07:15:52Z">
          <reporter-output>
          </reporter-output>
        </test-method> <!-- beforeMethod -->
        <test-method status="PASS" signature="afterMethod()[pri:0, instance:org.demoproj.OmayoCentre@6a2bcfcb]" name="afterMethod" is-config="true" duration-ms="0" started-at="2025-02-05T07:15:53Z" finished-at="2025-02-05T07:15:53Z">
          <reporter-output>
          </reporter-output>
        </test-method> <!-- afterMethod -->
        <test-method status="PASS" signature="beforeMethod()[pri:0, instance:org.demoproj.OmayoCentre@6a2bcfcb]" name="beforeMethod" is-config="true" duration-ms="1" started-at="2025-02-05T07:15:53Z" finished-at="2025-02-05T07:15:53Z">
          <reporter-output>
          </reporter-output>
        </test-method> <!-- beforeMethod -->
        <test-method status="PASS" signature="Test5(java.lang.String, java.lang.String)[pri:0, instance:org.demoproj.OmayoCentre@6a2bcfcb]" name="Test5" duration-ms="507" started-at="2025-02-05T07:15:53Z" data-provider="username&amp;password2" finished-at="2025-02-05T07:15:53Z">
          <params>
            <param index="0">
              <value>
                <![CDATA[junit]]>
              </value>
            </param>
            <param index="1">
              <value>
                <![CDATA[7365784]]>
              </value>
            </param>
          </params>
          <reporter-output>
          </reporter-output>
        </test-method> <!-- Test5 -->
        <test-method status="PASS" signature="beforeMethod()[pri:0, instance:org.demoproj.OmayoCentre@6a2bcfcb]" name="beforeMethod" is-config="true" duration-ms="0" started-at="2025-02-05T07:15:53Z" finished-at="2025-02-05T07:15:53Z">
          <reporter-output>
          </reporter-output>
        </test-method> <!-- beforeMethod -->
        <test-method status="PASS" signature="afterMethod()[pri:0, instance:org.demoproj.OmayoCentre@6a2bcfcb]" name="afterMethod" is-config="true" duration-ms="0" started-at="2025-02-05T07:15:53Z" finished-at="2025-02-05T07:15:53Z">
          <reporter-output>
          </reporter-output>
        </test-method> <!-- afterMethod -->
        <test-method status="PASS" signature="Test6()[pri:0, instance:org.demoproj.OmayoCentre@6a2bcfcb]" name="Test6" duration-ms="179" started-at="2025-02-05T07:15:53Z" finished-at="2025-02-05T07:15:53Z">
          <reporter-output>
          </reporter-output>
        </test-method> <!-- Test6 -->
        <test-method status="PASS" signature="Test7()[pri:0, instance:org.demoproj.OmayoCentre@6a2bcfcb]" name="Test7" duration-ms="7860" started-at="2025-02-05T07:15:53Z" finished-at="2025-02-05T07:16:01Z">
          <reporter-output>
          </reporter-output>
        </test-method> <!-- Test7 -->
        <test-method status="PASS" signature="beforeMethod()[pri:0, instance:org.demoproj.OmayoCentre@6a2bcfcb]" name="beforeMethod" is-config="true" duration-ms="0" started-at="2025-02-05T07:15:53Z" finished-at="2025-02-05T07:15:53Z">
          <reporter-output>
          </reporter-output>
        </test-method> <!-- beforeMethod -->
        <test-method status="PASS" signature="afterMethod()[pri:0, instance:org.demoproj.OmayoCentre@6a2bcfcb]" name="afterMethod" is-config="true" duration-ms="0" started-at="2025-02-05T07:15:53Z" finished-at="2025-02-05T07:15:53Z">
          <reporter-output>
          </reporter-output>
        </test-method> <!-- afterMethod -->
        <test-method status="PASS" signature="afterClass()[pri:0, instance:org.demoproj.OmayoCentre@6a2bcfcb]" name="afterClass" is-config="true" duration-ms="831" started-at="2025-02-05T07:16:01Z" finished-at="2025-02-05T07:16:02Z">
          <reporter-output>
          </reporter-output>
        </test-method> <!-- afterClass -->
        <test-method status="PASS" signature="afterMethod()[pri:0, instance:org.demoproj.OmayoCentre@6a2bcfcb]" name="afterMethod" is-config="true" duration-ms="0" started-at="2025-02-05T07:16:01Z" finished-at="2025-02-05T07:16:01Z">
          <reporter-output>
          </reporter-output>
        </test-method> <!-- afterMethod -->
      </class> <!-- org.demoproj.OmayoCentre -->
    </test> <!-- Test -->
  </suite> <!-- Suite -->
</testng-results>
