<?xml version="1.0" encoding="UTF-8"?>
<testng-results skipped="0" failed="0" ignored="0" total="28" passed="28">
  <reporter-output>
  </reporter-output>
  <suite name="Suite" duration-ms="130219" started-at="2025-02-05T06:26:19Z" finished-at="2025-02-05T06:28:29Z">
    <groups>
      <group name="leftomayo">
        <method signature="OmayoLeft.Test1(java.lang.String, java.lang.String)[pri:0, instance:org.demoproj.OmayoLeft@4de8b406]" name="Test1" class="org.demoproj.OmayoLeft"/>
        <method signature="OmayoLeft.Test2()[pri:0, instance:org.demoproj.OmayoLeft@4de8b406]" name="Test2" class="org.demoproj.OmayoLeft"/>
        <method signature="OmayoLeft.Test3()[pri:0, instance:org.demoproj.OmayoLeft@4de8b406]" name="Test3" class="org.demoproj.OmayoLeft"/>
        <method signature="OmayoLeft.Test4()[pri:0, instance:org.demoproj.OmayoLeft@4de8b406]" name="Test4" class="org.demoproj.OmayoLeft"/>
        <method signature="OmayoLeft.Test5()[pri:0, instance:org.demoproj.OmayoLeft@4de8b406]" name="Test5" class="org.demoproj.OmayoLeft"/>
      </group> <!-- leftomayo -->
      <group name="rightomayo">
        <method signature="OmayoRight.Test1()[pri:0, instance:org.demoproj.OmayoRight@1efbd816]" name="Test1" class="org.demoproj.OmayoRight"/>
        <method signature="OmayoRight.Test12()[pri:0, instance:org.demoproj.OmayoRight@1efbd816]" name="Test12" class="org.demoproj.OmayoRight"/>
        <method signature="OmayoRight.Test2()[pri:0, instance:org.demoproj.OmayoRight@1efbd816]" name="Test2" class="org.demoproj.OmayoRight"/>
        <method signature="OmayoRight.Test3()[pri:0, instance:org.demoproj.OmayoRight@1efbd816]" name="Test3" class="org.demoproj.OmayoRight"/>
        <method signature="OmayoRight.Test4()[pri:0, instance:org.demoproj.OmayoRight@1efbd816]" name="Test4" class="org.demoproj.OmayoRight"/>
        <method signature="OmayoRight.Test5()[pri:0, instance:org.demoproj.OmayoRight@1efbd816]" name="Test5" class="org.demoproj.OmayoRight"/>
        <method signature="OmayoRight.Test6()[pri:0, instance:org.demoproj.OmayoRight@1efbd816]" name="Test6" class="org.demoproj.OmayoRight"/>
        <method signature="OmayoRight.Test7()[pri:0, instance:org.demoproj.OmayoRight@1efbd816]" name="Test7" class="org.demoproj.OmayoRight"/>
        <method signature="OmayoRight.Test8()[pri:0, instance:org.demoproj.OmayoRight@1efbd816]" name="Test8" class="org.demoproj.OmayoRight"/>
        <method signature="OmayoRight.Test9()[pri:0, instance:org.demoproj.OmayoRight@1efbd816]" name="Test9" class="org.demoproj.OmayoRight"/>
      </group> <!-- rightomayo -->
      <group name="centreomayo">
        <method signature="OmayoCentre.Test1()[pri:0, instance:org.demoproj.OmayoCentre@6a2bcfcb]" name="Test1" class="org.demoproj.OmayoCentre"/>
        <method signature="OmayoCentre.Test2()[pri:0, instance:org.demoproj.OmayoCentre@6a2bcfcb]" name="Test2" class="org.demoproj.OmayoCentre"/>
        <method signature="OmayoCentre.Test3()[pri:0, instance:org.demoproj.OmayoCentre@6a2bcfcb]" name="Test3" class="org.demoproj.OmayoCentre"/>
        <method signature="OmayoCentre.Test4(java.lang.String, java.lang.String)[pri:0, instance:org.demoproj.OmayoCentre@6a2bcfcb]" name="Test4" class="org.demoproj.OmayoCentre"/>
        <method signature="OmayoCentre.Test5(java.lang.String, java.lang.String)[pri:0, instance:org.demoproj.OmayoCentre@6a2bcfcb]" name="Test5" class="org.demoproj.OmayoCentre"/>
        <method signature="OmayoCentre.Test6()[pri:0, instance:org.demoproj.OmayoCentre@6a2bcfcb]" name="Test6" class="org.demoproj.OmayoCentre"/>
        <method signature="OmayoCentre.Test7()[pri:0, instance:org.demoproj.OmayoCentre@6a2bcfcb]" name="Test7" class="org.demoproj.OmayoCentre"/>
      </group> <!-- centreomayo -->
    </groups>
    <test name="Test" duration-ms="130219" started-at="2025-02-05T06:26:19Z" finished-at="2025-02-05T06:28:29Z">
      <class name="org.demoproj.OmayoRight">
        <test-method status="PASS" signature="beforClass()[pri:0, instance:org.demoproj.OmayoRight@1efbd816]" name="beforClass" is-config="true" duration-ms="8250" started-at="2025-02-05T06:26:19Z" finished-at="2025-02-05T06:26:27Z">
          <reporter-output>
          </reporter-output>
        </test-method> <!-- beforClass -->
        <test-method status="PASS" signature="beforeMethod()[pri:0, instance:org.demoproj.OmayoRight@1efbd816]" name="beforeMethod" is-config="true" duration-ms="1" started-at="2025-02-05T06:26:27Z" finished-at="2025-02-05T06:26:27Z">
          <reporter-output>
          </reporter-output>
        </test-method> <!-- beforeMethod -->
        <test-method status="PASS" signature="Test1()[pri:0, instance:org.demoproj.OmayoRight@1efbd816]" name="Test1" duration-ms="672" started-at="2025-02-05T06:26:27Z" finished-at="2025-02-05T06:26:28Z">
          <reporter-output>
          </reporter-output>
        </test-method> <!-- Test1 -->
        <test-method status="PASS" signature="beforeMethod()[pri:0, instance:org.demoproj.OmayoRight@1efbd816]" name="beforeMethod" is-config="true" duration-ms="0" started-at="2025-02-05T06:26:28Z" finished-at="2025-02-05T06:26:28Z">
          <reporter-output>
          </reporter-output>
        </test-method> <!-- beforeMethod -->
        <test-method status="PASS" signature="Test12()[pri:0, instance:org.demoproj.OmayoRight@1efbd816]" name="Test12" duration-ms="36398" started-at="2025-02-05T06:26:28Z" finished-at="2025-02-05T06:27:04Z">
          <reporter-output>
          </reporter-output>
        </test-method> <!-- Test12 -->
        <test-method status="PASS" signature="afterMethod()[pri:0, instance:org.demoproj.OmayoRight@1efbd816]" name="afterMethod" is-config="true" duration-ms="0" started-at="2025-02-05T06:26:28Z" finished-at="2025-02-05T06:26:28Z">
          <reporter-output>
          </reporter-output>
        </test-method> <!-- afterMethod -->
        <test-method status="PASS" signature="beforeMethod()[pri:0, instance:org.demoproj.OmayoRight@1efbd816]" name="beforeMethod" is-config="true" duration-ms="0" started-at="2025-02-05T06:27:04Z" finished-at="2025-02-05T06:27:04Z">
          <reporter-output>
          </reporter-output>
        </test-method> <!-- beforeMethod -->
        <test-method status="PASS" signature="Test2()[pri:0, instance:org.demoproj.OmayoRight@1efbd816]" name="Test2" duration-ms="6688" started-at="2025-02-05T06:27:04Z" finished-at="2025-02-05T06:27:11Z">
          <reporter-output>
          </reporter-output>
        </test-method> <!-- Test2 -->
        <test-method status="PASS" signature="afterMethod()[pri:0, instance:org.demoproj.OmayoRight@1efbd816]" name="afterMethod" is-config="true" duration-ms="0" started-at="2025-02-05T06:27:04Z" finished-at="2025-02-05T06:27:04Z">
          <reporter-output>
          </reporter-output>
        </test-method> <!-- afterMethod -->
        <test-method status="PASS" signature="afterMethod()[pri:0, instance:org.demoproj.OmayoRight@1efbd816]" name="afterMethod" is-config="true" duration-ms="0" started-at="2025-02-05T06:27:11Z" finished-at="2025-02-05T06:27:11Z">
          <reporter-output>
          </reporter-output>
        </test-method> <!-- afterMethod -->
        <test-method status="PASS" signature="beforeMethod()[pri:0, instance:org.demoproj.OmayoRight@1efbd816]" name="beforeMethod" is-config="true" duration-ms="1" started-at="2025-02-05T06:27:11Z" finished-at="2025-02-05T06:27:11Z">
          <reporter-output>
          </reporter-output>
        </test-method> <!-- beforeMethod -->
        <test-method status="PASS" signature="Test3()[pri:0, instance:org.demoproj.OmayoRight@1efbd816]" name="Test3" duration-ms="167" started-at="2025-02-05T06:27:11Z" finished-at="2025-02-05T06:27:11Z">
          <reporter-output>
          </reporter-output>
        </test-method> <!-- Test3 -->
        <test-method status="PASS" signature="afterMethod()[pri:0, instance:org.demoproj.OmayoRight@1efbd816]" name="afterMethod" is-config="true" duration-ms="1" started-at="2025-02-05T06:27:11Z" finished-at="2025-02-05T06:27:11Z">
          <reporter-output>
          </reporter-output>
        </test-method> <!-- afterMethod -->
        <test-method status="PASS" signature="beforeMethod()[pri:0, instance:org.demoproj.OmayoRight@1efbd816]" name="beforeMethod" is-config="true" duration-ms="1" started-at="2025-02-05T06:27:11Z" finished-at="2025-02-05T06:27:11Z">
          <reporter-output>
          </reporter-output>
        </test-method> <!-- beforeMethod -->
        <test-method status="PASS" signature="Test4()[pri:0, instance:org.demoproj.OmayoRight@1efbd816]" name="Test4" duration-ms="138" started-at="2025-02-05T06:27:11Z" finished-at="2025-02-05T06:27:11Z">
          <reporter-output>
          </reporter-output>
        </test-method> <!-- Test4 -->
        <test-method status="PASS" signature="beforeMethod()[pri:0, instance:org.demoproj.OmayoRight@1efbd816]" name="beforeMethod" is-config="true" duration-ms="0" started-at="2025-02-05T06:27:11Z" finished-at="2025-02-05T06:27:11Z">
          <reporter-output>
          </reporter-output>
        </test-method> <!-- beforeMethod -->
        <test-method status="PASS" signature="afterMethod()[pri:0, instance:org.demoproj.OmayoRight@1efbd816]" name="afterMethod" is-config="true" duration-ms="0" started-at="2025-02-05T06:27:11Z" finished-at="2025-02-05T06:27:11Z">
          <reporter-output>
          </reporter-output>
        </test-method> <!-- afterMethod -->
        <test-method status="PASS" signature="Test5()[pri:0, instance:org.demoproj.OmayoRight@1efbd816]" name="Test5" duration-ms="365" started-at="2025-02-05T06:27:11Z" finished-at="2025-02-05T06:27:12Z">
          <reporter-output>
          </reporter-output>
        </test-method> <!-- Test5 -->
        <test-method status="PASS" signature="afterMethod()[pri:0, instance:org.demoproj.OmayoRight@1efbd816]" name="afterMethod" is-config="true" duration-ms="4" started-at="2025-02-05T06:27:12Z" finished-at="2025-02-05T06:27:12Z">
          <reporter-output>
          </reporter-output>
        </test-method> <!-- afterMethod -->
        <test-method status="PASS" signature="beforeMethod()[pri:0, instance:org.demoproj.OmayoRight@1efbd816]" name="beforeMethod" is-config="true" duration-ms="1" started-at="2025-02-05T06:27:12Z" finished-at="2025-02-05T06:27:12Z">
          <reporter-output>
          </reporter-output>
        </test-method> <!-- beforeMethod -->
        <test-method status="PASS" signature="Test6()[pri:0, instance:org.demoproj.OmayoRight@1efbd816]" name="Test6" duration-ms="13216" started-at="2025-02-05T06:27:12Z" finished-at="2025-02-05T06:27:25Z">
          <reporter-output>
          </reporter-output>
        </test-method> <!-- Test6 -->
        <test-method status="PASS" signature="afterMethod()[pri:0, instance:org.demoproj.OmayoRight@1efbd816]" name="afterMethod" is-config="true" duration-ms="2" started-at="2025-02-05T06:27:25Z" finished-at="2025-02-05T06:27:25Z">
          <reporter-output>
          </reporter-output>
        </test-method> <!-- afterMethod -->
        <test-method status="PASS" signature="beforeMethod()[pri:0, instance:org.demoproj.OmayoRight@1efbd816]" name="beforeMethod" is-config="true" duration-ms="1" started-at="2025-02-05T06:27:25Z" finished-at="2025-02-05T06:27:25Z">
          <reporter-output>
          </reporter-output>
        </test-method> <!-- beforeMethod -->
        <test-method status="PASS" signature="Test7()[pri:0, instance:org.demoproj.OmayoRight@1efbd816]" name="Test7" duration-ms="215" started-at="2025-02-05T06:27:25Z" finished-at="2025-02-05T06:27:25Z">
          <reporter-output>
          </reporter-output>
        </test-method> <!-- Test7 -->
        <test-method status="PASS" signature="afterMethod()[pri:0, instance:org.demoproj.OmayoRight@1efbd816]" name="afterMethod" is-config="true" duration-ms="0" started-at="2025-02-05T06:27:25Z" finished-at="2025-02-05T06:27:25Z">
          <reporter-output>
          </reporter-output>
        </test-method> <!-- afterMethod -->
        <test-method status="PASS" signature="beforeMethod()[pri:0, instance:org.demoproj.OmayoRight@1efbd816]" name="beforeMethod" is-config="true" duration-ms="1" started-at="2025-02-05T06:27:25Z" finished-at="2025-02-05T06:27:25Z">
          <reporter-output>
          </reporter-output>
        </test-method> <!-- beforeMethod -->
        <test-method status="PASS" signature="Test8()[pri:0, instance:org.demoproj.OmayoRight@1efbd816]" name="Test8" duration-ms="258" started-at="2025-02-05T06:27:25Z" finished-at="2025-02-05T06:27:26Z">
          <reporter-output>
          </reporter-output>
        </test-method> <!-- Test8 -->
        <test-method status="PASS" signature="afterMethod()[pri:0, instance:org.demoproj.OmayoRight@1efbd816]" name="afterMethod" is-config="true" duration-ms="0" started-at="2025-02-05T06:27:26Z" finished-at="2025-02-05T06:27:26Z">
          <reporter-output>
          </reporter-output>
        </test-method> <!-- afterMethod -->
        <test-method status="PASS" signature="beforeMethod()[pri:0, instance:org.demoproj.OmayoRight@1efbd816]" name="beforeMethod" is-config="true" duration-ms="3" started-at="2025-02-05T06:27:26Z" finished-at="2025-02-05T06:27:26Z">
          <reporter-output>
          </reporter-output>
        </test-method> <!-- beforeMethod -->
        <test-method status="PASS" signature="Test9()[pri:0, instance:org.demoproj.OmayoRight@1efbd816]" name="Test9" duration-ms="311" started-at="2025-02-05T06:27:26Z" finished-at="2025-02-05T06:27:26Z">
          <reporter-output>
          </reporter-output>
        </test-method> <!-- Test9 -->
        <test-method status="PASS" signature="afterMethod()[pri:0, instance:org.demoproj.OmayoRight@1efbd816]" name="afterMethod" is-config="true" duration-ms="2" started-at="2025-02-05T06:27:26Z" finished-at="2025-02-05T06:27:26Z">
          <reporter-output>
          </reporter-output>
        </test-method> <!-- afterMethod -->
        <test-method status="PASS" signature="afterClass()[pri:0, instance:org.demoproj.OmayoRight@1efbd816]" name="afterClass" is-config="true" duration-ms="1070" started-at="2025-02-05T06:27:26Z" finished-at="2025-02-05T06:27:27Z">
          <reporter-output>
          </reporter-output>
        </test-method> <!-- afterClass -->
      </class> <!-- org.demoproj.OmayoRight -->
      <class name="org.demoproj.OmayoLeft">
        <test-method status="PASS" signature="beforeClass()[pri:0, instance:org.demoproj.OmayoLeft@4de8b406]" name="beforeClass" is-config="true" duration-ms="5775" started-at="2025-02-05T06:27:43Z" finished-at="2025-02-05T06:27:49Z">
          <reporter-output>
          </reporter-output>
        </test-method> <!-- beforeClass -->
        <test-method status="PASS" signature="beforeMethod()[pri:0, instance:org.demoproj.OmayoLeft@4de8b406]" name="beforeMethod" is-config="true" duration-ms="1" started-at="2025-02-05T06:27:49Z" finished-at="2025-02-05T06:27:49Z">
          <reporter-output>
          </reporter-output>
        </test-method> <!-- beforeMethod -->
        <test-method status="PASS" signature="Test1(java.lang.String, java.lang.String)[pri:0, instance:org.demoproj.OmayoLeft@4de8b406]" name="Test1" duration-ms="300" started-at="2025-02-05T06:27:49Z" finished-at="2025-02-05T06:27:49Z">
          <params>
            <param index="0">
              <value>
                <![CDATA[Swift]]>
              </value>
            </param>
            <param index="1">
              <value>
                <![CDATA[Hyundai]]>
              </value>
            </param>
          </params>
          <reporter-output>
          </reporter-output>
        </test-method> <!-- Test1 -->
        <test-method status="PASS" signature="afterMethod()[pri:0, instance:org.demoproj.OmayoLeft@4de8b406]" name="afterMethod" is-config="true" duration-ms="1" started-at="2025-02-05T06:27:49Z" finished-at="2025-02-05T06:27:49Z">
          <reporter-output>
          </reporter-output>
        </test-method> <!-- afterMethod -->
        <test-method status="PASS" signature="beforeMethod()[pri:0, instance:org.demoproj.OmayoLeft@4de8b406]" name="beforeMethod" is-config="true" duration-ms="1" started-at="2025-02-05T06:27:49Z" finished-at="2025-02-05T06:27:49Z">
          <reporter-output>
          </reporter-output>
        </test-method> <!-- beforeMethod -->
        <test-method status="PASS" signature="Test2()[pri:0, instance:org.demoproj.OmayoLeft@4de8b406]" name="Test2" duration-ms="133" started-at="2025-02-05T06:27:49Z" finished-at="2025-02-05T06:27:49Z">
          <reporter-output>
          </reporter-output>
        </test-method> <!-- Test2 -->
        <test-method status="PASS" signature="Test3()[pri:0, instance:org.demoproj.OmayoLeft@4de8b406]" name="Test3" duration-ms="26547" started-at="2025-02-05T06:27:49Z" finished-at="2025-02-05T06:28:16Z">
          <reporter-output>
          </reporter-output>
        </test-method> <!-- Test3 -->
        <test-method status="PASS" signature="beforeMethod()[pri:0, instance:org.demoproj.OmayoLeft@4de8b406]" name="beforeMethod" is-config="true" duration-ms="0" started-at="2025-02-05T06:27:49Z" finished-at="2025-02-05T06:27:49Z">
          <reporter-output>
          </reporter-output>
        </test-method> <!-- beforeMethod -->
        <test-method status="PASS" signature="afterMethod()[pri:0, instance:org.demoproj.OmayoLeft@4de8b406]" name="afterMethod" is-config="true" duration-ms="0" started-at="2025-02-05T06:27:49Z" finished-at="2025-02-05T06:27:49Z">
          <reporter-output>
          </reporter-output>
        </test-method> <!-- afterMethod -->
        <test-method status="PASS" signature="Test4()[pri:0, instance:org.demoproj.OmayoLeft@4de8b406]" name="Test4" duration-ms="12287" started-at="2025-02-05T06:28:16Z" finished-at="2025-02-05T06:28:28Z">
          <reporter-output>
          </reporter-output>
        </test-method> <!-- Test4 -->
        <test-method status="PASS" signature="beforeMethod()[pri:0, instance:org.demoproj.OmayoLeft@4de8b406]" name="beforeMethod" is-config="true" duration-ms="0" started-at="2025-02-05T06:28:16Z" finished-at="2025-02-05T06:28:16Z">
          <reporter-output>
          </reporter-output>
        </test-method> <!-- beforeMethod -->
        <test-method status="PASS" signature="afterMethod()[pri:0, instance:org.demoproj.OmayoLeft@4de8b406]" name="afterMethod" is-config="true" duration-ms="0" started-at="2025-02-05T06:28:16Z" finished-at="2025-02-05T06:28:16Z">
          <reporter-output>
          </reporter-output>
        </test-method> <!-- afterMethod -->
        <test-method status="PASS" signature="afterMethod()[pri:0, instance:org.demoproj.OmayoLeft@4de8b406]" name="afterMethod" is-config="true" duration-ms="4" started-at="2025-02-05T06:28:28Z" finished-at="2025-02-05T06:28:28Z">
          <reporter-output>
          </reporter-output>
        </test-method> <!-- afterMethod -->
        <test-method status="PASS" signature="beforeMethod()[pri:0, instance:org.demoproj.OmayoLeft@4de8b406]" name="beforeMethod" is-config="true" duration-ms="0" started-at="2025-02-05T06:28:28Z" finished-at="2025-02-05T06:28:28Z">
          <reporter-output>
          </reporter-output>
        </test-method> <!-- beforeMethod -->
        <test-method status="PASS" signature="Test5()[pri:0, instance:org.demoproj.OmayoLeft@4de8b406]" name="Test5" duration-ms="172" started-at="2025-02-05T06:28:28Z" finished-at="2025-02-05T06:28:28Z">
          <reporter-output>
          </reporter-output>
        </test-method> <!-- Test5 -->
        <test-method status="PASS" signature="afterMethod()[pri:0, instance:org.demoproj.OmayoLeft@4de8b406]" name="afterMethod" is-config="true" duration-ms="0" started-at="2025-02-05T06:28:28Z" finished-at="2025-02-05T06:28:28Z">
          <reporter-output>
          </reporter-output>
        </test-method> <!-- afterMethod -->
        <test-method status="PASS" signature="afterClass()[pri:0, instance:org.demoproj.OmayoLeft@4de8b406]" name="afterClass" is-config="true" duration-ms="1020" started-at="2025-02-05T06:28:28Z" finished-at="2025-02-05T06:28:29Z">
          <reporter-output>
          </reporter-output>
        </test-method> <!-- afterClass -->
      </class> <!-- org.demoproj.OmayoLeft -->
      <class name="org.demoproj.OmayoCentre">
        <test-method status="PASS" signature="beforeClass()[pri:0, instance:org.demoproj.OmayoCentre@6a2bcfcb]" name="beforeClass" is-config="true" duration-ms="5350" started-at="2025-02-05T06:27:27Z" finished-at="2025-02-05T06:27:32Z">
          <reporter-output>
          </reporter-output>
        </test-method> <!-- beforeClass -->
        <test-method status="PASS" signature="beforeMethod()[pri:0, instance:org.demoproj.OmayoCentre@6a2bcfcb]" name="beforeMethod" is-config="true" duration-ms="0" started-at="2025-02-05T06:27:32Z" finished-at="2025-02-05T06:27:32Z">
          <reporter-output>
          </reporter-output>
        </test-method> <!-- beforeMethod -->
        <test-method status="PASS" signature="Test1()[pri:0, instance:org.demoproj.OmayoCentre@6a2bcfcb]" name="Test1" duration-ms="739" started-at="2025-02-05T06:27:32Z" finished-at="2025-02-05T06:27:33Z">
          <reporter-output>
          </reporter-output>
        </test-method> <!-- Test1 -->
        <test-method status="PASS" signature="afterMethod()[pri:0, instance:org.demoproj.OmayoCentre@6a2bcfcb]" name="afterMethod" is-config="true" duration-ms="0" started-at="2025-02-05T06:27:33Z" finished-at="2025-02-05T06:27:33Z">
          <reporter-output>
          </reporter-output>
        </test-method> <!-- afterMethod -->
        <test-method status="PASS" signature="Test2()[pri:0, instance:org.demoproj.OmayoCentre@6a2bcfcb]" name="Test2" duration-ms="146" started-at="2025-02-05T06:27:33Z" finished-at="2025-02-05T06:27:33Z">
          <reporter-output>
          </reporter-output>
        </test-method> <!-- Test2 -->
        <test-method status="PASS" signature="beforeMethod()[pri:0, instance:org.demoproj.OmayoCentre@6a2bcfcb]" name="beforeMethod" is-config="true" duration-ms="0" started-at="2025-02-05T06:27:33Z" finished-at="2025-02-05T06:27:33Z">
          <reporter-output>
          </reporter-output>
        </test-method> <!-- beforeMethod -->
        <test-method status="PASS" signature="afterMethod()[pri:0, instance:org.demoproj.OmayoCentre@6a2bcfcb]" name="afterMethod" is-config="true" duration-ms="1" started-at="2025-02-05T06:27:33Z" finished-at="2025-02-05T06:27:33Z">
          <reporter-output>
          </reporter-output>
        </test-method> <!-- afterMethod -->
        <test-method status="PASS" signature="beforeMethod()[pri:0, instance:org.demoproj.OmayoCentre@6a2bcfcb]" name="beforeMethod" is-config="true" duration-ms="0" started-at="2025-02-05T06:27:33Z" finished-at="2025-02-05T06:27:33Z">
          <reporter-output>
          </reporter-output>
        </test-method> <!-- beforeMethod -->
        <test-method status="PASS" signature="Test3()[pri:0, instance:org.demoproj.OmayoCentre@6a2bcfcb]" name="Test3" duration-ms="145" started-at="2025-02-05T06:27:33Z" finished-at="2025-02-05T06:27:33Z">
          <reporter-output>
          </reporter-output>
        </test-method> <!-- Test3 -->
        <test-method status="PASS" signature="afterMethod()[pri:0, instance:org.demoproj.OmayoCentre@6a2bcfcb]" name="afterMethod" is-config="true" duration-ms="0" started-at="2025-02-05T06:27:33Z" finished-at="2025-02-05T06:27:33Z">
          <reporter-output>
          </reporter-output>
        </test-method> <!-- afterMethod -->
        <test-method status="PASS" signature="beforeMethod()[pri:0, instance:org.demoproj.OmayoCentre@6a2bcfcb]" name="beforeMethod" is-config="true" duration-ms="0" started-at="2025-02-05T06:27:33Z" finished-at="2025-02-05T06:27:33Z">
          <reporter-output>
          </reporter-output>
        </test-method> <!-- beforeMethod -->
        <test-method status="PASS" signature="Test4(java.lang.String, java.lang.String)[pri:0, instance:org.demoproj.OmayoCentre@6a2bcfcb]" name="Test4" duration-ms="774" started-at="2025-02-05T06:27:33Z" data-provider="username&amp;password" finished-at="2025-02-05T06:27:34Z">
          <params>
            <param index="0">
              <value>
                <![CDATA[sasi]]>
              </value>
            </param>
            <param index="1">
              <value>
                <![CDATA[java]]>
              </value>
            </param>
          </params>
          <reporter-output>
          </reporter-output>
        </test-method> <!-- Test4 -->
        <test-method status="PASS" signature="afterMethod()[pri:0, instance:org.demoproj.OmayoCentre@6a2bcfcb]" name="afterMethod" is-config="true" duration-ms="0" started-at="2025-02-05T06:27:34Z" finished-at="2025-02-05T06:27:34Z">
          <reporter-output>
          </reporter-output>
        </test-method> <!-- afterMethod -->
        <test-method status="PASS" signature="beforeMethod()[pri:0, instance:org.demoproj.OmayoCentre@6a2bcfcb]" name="beforeMethod" is-config="true" duration-ms="0" started-at="2025-02-05T06:27:34Z" finished-at="2025-02-05T06:27:34Z">
          <reporter-output>
          </reporter-output>
        </test-method> <!-- beforeMethod -->
        <test-method status="PASS" signature="Test4(java.lang.String, java.lang.String)[pri:0, instance:org.demoproj.OmayoCentre@6a2bcfcb]" name="Test4" duration-ms="454" started-at="2025-02-05T06:27:34Z" data-provider="username&amp;password" finished-at="2025-02-05T06:27:35Z">
          <params>
            <param index="0">
              <value>
                <![CDATA[kumar]]>
              </value>
            </param>
            <param index="1">
              <value>
                <![CDATA[python]]>
              </value>
            </param>
          </params>
          <reporter-output>
          </reporter-output>
        </test-method> <!-- Test4 -->
        <test-method status="PASS" signature="Test4(java.lang.String, java.lang.String)[pri:0, instance:org.demoproj.OmayoCentre@6a2bcfcb]" name="Test4" duration-ms="396" started-at="2025-02-05T06:27:35Z" data-provider="username&amp;password" finished-at="2025-02-05T06:27:35Z">
          <params>
            <param index="0">
              <value>
                <![CDATA[wiki]]>
              </value>
            </param>
            <param index="1">
              <value>
                <![CDATA[selenium]]>
              </value>
            </param>
          </params>
          <reporter-output>
          </reporter-output>
        </test-method> <!-- Test4 -->
        <test-method status="PASS" signature="beforeMethod()[pri:0, instance:org.demoproj.OmayoCentre@6a2bcfcb]" name="beforeMethod" is-config="true" duration-ms="0" started-at="2025-02-05T06:27:35Z" finished-at="2025-02-05T06:27:35Z">
          <reporter-output>
          </reporter-output>
        </test-method> <!-- beforeMethod -->
        <test-method status="PASS" signature="afterMethod()[pri:0, instance:org.demoproj.OmayoCentre@6a2bcfcb]" name="afterMethod" is-config="true" duration-ms="0" started-at="2025-02-05T06:27:35Z" finished-at="2025-02-05T06:27:35Z">
          <reporter-output>
          </reporter-output>
        </test-method> <!-- afterMethod -->
        <test-method status="PASS" signature="afterMethod()[pri:0, instance:org.demoproj.OmayoCentre@6a2bcfcb]" name="afterMethod" is-config="true" duration-ms="5" started-at="2025-02-05T06:27:35Z" finished-at="2025-02-05T06:27:35Z">
          <reporter-output>
          </reporter-output>
        </test-method> <!-- afterMethod -->
        <test-method status="PASS" signature="beforeMethod()[pri:0, instance:org.demoproj.OmayoCentre@6a2bcfcb]" name="beforeMethod" is-config="true" duration-ms="1" started-at="2025-02-05T06:27:35Z" finished-at="2025-02-05T06:27:35Z">
          <reporter-output>
          </reporter-output>
        </test-method> <!-- beforeMethod -->
        <test-method status="PASS" signature="Test4(java.lang.String, java.lang.String)[pri:0, instance:org.demoproj.OmayoCentre@6a2bcfcb]" name="Test4" duration-ms="454" started-at="2025-02-05T06:27:35Z" data-provider="username&amp;password" finished-at="2025-02-05T06:27:35Z">
          <params>
            <param index="0">
              <value>
                <![CDATA[junit]]>
              </value>
            </param>
            <param index="1">
              <value>
                <![CDATA[testng]]>
              </value>
            </param>
          </params>
          <reporter-output>
          </reporter-output>
        </test-method> <!-- Test4 -->
        <test-method status="PASS" signature="afterMethod()[pri:0, instance:org.demoproj.OmayoCentre@6a2bcfcb]" name="afterMethod" is-config="true" duration-ms="0" started-at="2025-02-05T06:27:35Z" finished-at="2025-02-05T06:27:35Z">
          <reporter-output>
          </reporter-output>
        </test-method> <!-- afterMethod -->
        <test-method status="PASS" signature="beforeMethod()[pri:0, instance:org.demoproj.OmayoCentre@6a2bcfcb]" name="beforeMethod" is-config="true" duration-ms="0" started-at="2025-02-05T06:27:35Z" finished-at="2025-02-05T06:27:35Z">
          <reporter-output>
          </reporter-output>
        </test-method> <!-- beforeMethod -->
        <test-method status="PASS" signature="Test5(java.lang.String, java.lang.String)[pri:0, instance:org.demoproj.OmayoCentre@6a2bcfcb]" name="Test5" duration-ms="486" started-at="2025-02-05T06:27:35Z" data-provider="username&amp;password2" finished-at="2025-02-05T06:27:36Z">
          <params>
            <param index="0">
              <value>
                <![CDATA[sasi@gmail.com]]>
              </value>
            </param>
            <param index="1">
              <value>
                <![CDATA[736844]]>
              </value>
            </param>
          </params>
          <reporter-output>
          </reporter-output>
        </test-method> <!-- Test5 -->
        <test-method status="PASS" signature="afterMethod()[pri:0, instance:org.demoproj.OmayoCentre@6a2bcfcb]" name="afterMethod" is-config="true" duration-ms="0" started-at="2025-02-05T06:27:36Z" finished-at="2025-02-05T06:27:36Z">
          <reporter-output>
          </reporter-output>
        </test-method> <!-- afterMethod -->
        <test-method status="PASS" signature="beforeMethod()[pri:0, instance:org.demoproj.OmayoCentre@6a2bcfcb]" name="beforeMethod" is-config="true" duration-ms="0" started-at="2025-02-05T06:27:36Z" finished-at="2025-02-05T06:27:36Z">
          <reporter-output>
          </reporter-output>
        </test-method> <!-- beforeMethod -->
        <test-method status="PASS" signature="Test5(java.lang.String, java.lang.String)[pri:0, instance:org.demoproj.OmayoCentre@6a2bcfcb]" name="Test5" duration-ms="443" started-at="2025-02-05T06:27:36Z" data-provider="username&amp;password2" finished-at="2025-02-05T06:27:36Z">
          <params>
            <param index="0">
              <value>
                <![CDATA[kumar@tcs.com]]>
              </value>
            </param>
            <param index="1">
              <value>
                <![CDATA[84785]]>
              </value>
            </param>
          </params>
          <reporter-output>
          </reporter-output>
        </test-method> <!-- Test5 -->
        <test-method status="PASS" signature="afterMethod()[pri:0, instance:org.demoproj.OmayoCentre@6a2bcfcb]" name="afterMethod" is-config="true" duration-ms="1" started-at="2025-02-05T06:27:36Z" finished-at="2025-02-05T06:27:36Z">
          <reporter-output>
          </reporter-output>
        </test-method> <!-- afterMethod -->
        <test-method status="PASS" signature="Test5(java.lang.String, java.lang.String)[pri:0, instance:org.demoproj.OmayoCentre@6a2bcfcb]" name="Test5" duration-ms="530" started-at="2025-02-05T06:27:36Z" data-provider="username&amp;password2" finished-at="2025-02-05T06:27:37Z">
          <params>
            <param index="0">
              <value>
                <![CDATA[wiki@admin.com]]>
              </value>
            </param>
            <param index="1">
              <value>
                <![CDATA[74674]]>
              </value>
            </param>
          </params>
          <reporter-output>
          </reporter-output>
        </test-method> <!-- Test5 -->
        <test-method status="PASS" signature="beforeMethod()[pri:0, instance:org.demoproj.OmayoCentre@6a2bcfcb]" name="beforeMethod" is-config="true" duration-ms="0" started-at="2025-02-05T06:27:36Z" finished-at="2025-02-05T06:27:36Z">
          <reporter-output>
          </reporter-output>
        </test-method> <!-- beforeMethod -->
        <test-method status="PASS" signature="afterMethod()[pri:0, instance:org.demoproj.OmayoCentre@6a2bcfcb]" name="afterMethod" is-config="true" duration-ms="6" started-at="2025-02-05T06:27:37Z" finished-at="2025-02-05T06:27:37Z">
          <reporter-output>
          </reporter-output>
        </test-method> <!-- afterMethod -->
        <test-method status="PASS" signature="Test5(java.lang.String, java.lang.String)[pri:0, instance:org.demoproj.OmayoCentre@6a2bcfcb]" name="Test5" duration-ms="435" started-at="2025-02-05T06:27:37Z" data-provider="username&amp;password2" finished-at="2025-02-05T06:27:37Z">
          <params>
            <param index="0">
              <value>
                <![CDATA[junit]]>
              </value>
            </param>
            <param index="1">
              <value>
                <![CDATA[7365784]]>
              </value>
            </param>
          </params>
          <reporter-output>
          </reporter-output>
        </test-method> <!-- Test5 -->
        <test-method status="PASS" signature="beforeMethod()[pri:0, instance:org.demoproj.OmayoCentre@6a2bcfcb]" name="beforeMethod" is-config="true" duration-ms="0" started-at="2025-02-05T06:27:37Z" finished-at="2025-02-05T06:27:37Z">
          <reporter-output>
          </reporter-output>
        </test-method> <!-- beforeMethod -->
        <test-method status="PASS" signature="afterMethod()[pri:0, instance:org.demoproj.OmayoCentre@6a2bcfcb]" name="afterMethod" is-config="true" duration-ms="2" started-at="2025-02-05T06:27:37Z" finished-at="2025-02-05T06:27:37Z">
          <reporter-output>
          </reporter-output>
        </test-method> <!-- afterMethod -->
        <test-method status="PASS" signature="beforeMethod()[pri:0, instance:org.demoproj.OmayoCentre@6a2bcfcb]" name="beforeMethod" is-config="true" duration-ms="0" started-at="2025-02-05T06:27:37Z" finished-at="2025-02-05T06:27:37Z">
          <reporter-output>
          </reporter-output>
        </test-method> <!-- beforeMethod -->
        <test-method status="PASS" signature="Test6()[pri:0, instance:org.demoproj.OmayoCentre@6a2bcfcb]" name="Test6" duration-ms="124" started-at="2025-02-05T06:27:37Z" finished-at="2025-02-05T06:27:37Z">
          <reporter-output>
          </reporter-output>
        </test-method> <!-- Test6 -->
        <test-method status="PASS" signature="Test7()[pri:0, instance:org.demoproj.OmayoCentre@6a2bcfcb]" name="Test7" duration-ms="4708" started-at="2025-02-05T06:27:37Z" finished-at="2025-02-05T06:27:42Z">
          <reporter-output>
          </reporter-output>
        </test-method> <!-- Test7 -->
        <test-method status="PASS" signature="beforeMethod()[pri:0, instance:org.demoproj.OmayoCentre@6a2bcfcb]" name="beforeMethod" is-config="true" duration-ms="0" started-at="2025-02-05T06:27:37Z" finished-at="2025-02-05T06:27:37Z">
          <reporter-output>
          </reporter-output>
        </test-method> <!-- beforeMethod -->
        <test-method status="PASS" signature="afterMethod()[pri:0, instance:org.demoproj.OmayoCentre@6a2bcfcb]" name="afterMethod" is-config="true" duration-ms="0" started-at="2025-02-05T06:27:37Z" finished-at="2025-02-05T06:27:37Z">
          <reporter-output>
          </reporter-output>
        </test-method> <!-- afterMethod -->
        <test-method status="PASS" signature="afterClass()[pri:0, instance:org.demoproj.OmayoCentre@6a2bcfcb]" name="afterClass" is-config="true" duration-ms="922" started-at="2025-02-05T06:27:42Z" finished-at="2025-02-05T06:27:43Z">
          <reporter-output>
          </reporter-output>
        </test-method> <!-- afterClass -->
        <test-method status="PASS" signature="afterMethod()[pri:0, instance:org.demoproj.OmayoCentre@6a2bcfcb]" name="afterMethod" is-config="true" duration-ms="0" started-at="2025-02-05T06:27:42Z" finished-at="2025-02-05T06:27:42Z">
          <reporter-output>
          </reporter-output>
        </test-method> <!-- afterMethod -->
      </class> <!-- org.demoproj.OmayoCentre -->
    </test> <!-- Test -->
  </suite> <!-- Suite -->
</testng-results>
