<?xml version="1.0" encoding="UTF-8"?>
<testsuite xmlns:xsi="http://www.w3.org/2001/XMLSchema-instance" xsi:noNamespaceSchemaLocation="https://maven.apache.org/surefire/maven-surefire-plugin/xsd/surefire-test-report.xsd" name="TestSuite" time="8.085" tests="90" errors="0" skipped="87" failures="3">
  <properties>
[...]
</properties>
  <testcase name="beforClass" classname="org.demoproj.OmayoRight" time="3.7">
    <failure message="C:\Users\sasik\eclipse-workspace\TestNg16_10_projct\src	est\resources\Excelfile\Book1.xlsx (The filename, directory name, or volume label syntax is incorrect)" type="java.io.FileNotFoundException">java.io.FileNotFoundException: C:\Users\sasik\eclipse-workspace\TestNg16_10_projct\src	est\resources\Excelfile\Book1.xlsx (The filename, directory name, or volume label syntax is incorrect)
	at org.demoproj.OmayoRight.beforClass(OmayoRight.java:17)
</failure>
    <system-err><![CDATA[SLF4J: No SLF4J providers were found.
SLF4J: Defaulting to no-operation (NOP) logger implementation
SLF4J: See https://www.slf4j.org/codes.html#noProviders for further details.
Starting ChromeDriver 132.0.6834.159 (2d77d3fc4452661469b78f115e0aed4d71269739-refs/branch-heads/6834@{#4408}) on port 3597
Only local connections are allowed.
Please see https://chromedriver.chromium.org/security-considerations for suggestions on keeping ChromeDriver safe.
ChromeDriver was started successfully on port 3597.
Feb 05, 2025 12:41:24 PM org.openqa.selenium.remote.ProtocolHandshake createSession
INFO: Detected dialect: W3C
]]></system-err>
  </testcase>
  <testcase name="beforeMethod" classname="org.demoproj.OmayoRight" time="0">
    <skipped/>
  </testcase>
  <testcase name="beforeMethod" classname="org.demoproj.OmayoRight" time="0">
    <skipped/>
  </testcase>
  <testcase name="beforeMethod" classname="org.demoproj.OmayoRight" time="0">
    <skipped/>
  </testcase>
  <testcase name="beforeMethod" classname="org.demoproj.OmayoRight" time="0">
    <skipped/>
  </testcase>
  <testcase name="beforeMethod" classname="org.demoproj.OmayoRight" time="0">
    <skipped/>
  </testcase>
  <testcase name="beforeMethod" classname="org.demoproj.OmayoRight" time="0">
    <skipped/>
  </testcase>
  <testcase name="beforeMethod" classname="org.demoproj.OmayoRight" time="0">
    <skipped/>
  </testcase>
  <testcase name="beforeMethod" classname="org.demoproj.OmayoRight" time="0">
    <skipped/>
  </testcase>
  <testcase name="beforeMethod" classname="org.demoproj.OmayoRight" time="0">
    <skipped/>
  </testcase>
  <testcase name="beforeMethod" classname="org.demoproj.OmayoRight" time="0">
    <skipped/>
  </testcase>
  <testcase name="Test1" classname="org.demoproj.OmayoRight" time="0">
    <skipped message="C:\Users\sasik\eclipse-workspace\TestNg16_10_projct\src	est\resources\Excelfile\Book1.xlsx (The filename, directory name, or volume label syntax is incorrect)"/>
  </testcase>
  <testcase name="afterMethod" classname="org.demoproj.OmayoRight" time="0">
    <skipped/>
  </testcase>
  <testcase name="afterMethod" classname="org.demoproj.OmayoRight" time="0">
    <skipped/>
  </testcase>
  <testcase name="afterMethod" classname="org.demoproj.OmayoRight" time="0">
    <skipped/>
  </testcase>
  <testcase name="afterMethod" classname="org.demoproj.OmayoRight" time="0">
    <skipped/>
  </testcase>
  <testcase name="afterMethod" classname="org.demoproj.OmayoRight" time="0">
    <skipped/>
  </testcase>
  <testcase name="afterMethod" classname="org.demoproj.OmayoRight" time="0">
    <skipped/>
  </testcase>
  <testcase name="afterMethod" classname="org.demoproj.OmayoRight" time="0">
    <skipped/>
  </testcase>
  <testcase name="afterMethod" classname="org.demoproj.OmayoRight" time="0">
    <skipped/>
  </testcase>
  <testcase name="afterMethod" classname="org.demoproj.OmayoRight" time="0">
    <skipped/>
  </testcase>
  <testcase name="afterMethod" classname="org.demoproj.OmayoRight" time="0">
    <skipped/>
  </testcase>
  <testcase name="Test12" classname="org.demoproj.OmayoRight" time="0">
    <skipped message="C:\Users\sasik\eclipse-workspace\TestNg16_10_projct\src	est\resources\Excelfile\Book1.xlsx (The filename, directory name, or volume label syntax is incorrect)"/>
  </testcase>
  <testcase name="Test2" classname="org.demoproj.OmayoRight" time="0">
    <skipped message="C:\Users\sasik\eclipse-workspace\TestNg16_10_projct\src	est\resources\Excelfile\Book1.xlsx (The filename, directory name, or volume label syntax is incorrect)"/>
  </testcase>
  <testcase name="Test3" classname="org.demoproj.OmayoRight" time="0">
    <skipped message="C:\Users\sasik\eclipse-workspace\TestNg16_10_projct\src	est\resources\Excelfile\Book1.xlsx (The filename, directory name, or volume label syntax is incorrect)"/>
  </testcase>
  <testcase name="Test4" classname="org.demoproj.OmayoRight" time="0">
    <skipped message="C:\Users\sasik\eclipse-workspace\TestNg16_10_projct\src	est\resources\Excelfile\Book1.xlsx (The filename, directory name, or volume label syntax is incorrect)"/>
  </testcase>
  <testcase name="Test5" classname="org.demoproj.OmayoRight" time="0">
    <skipped message="C:\Users\sasik\eclipse-workspace\TestNg16_10_projct\src	est\resources\Excelfile\Book1.xlsx (The filename, directory name, or volume label syntax is incorrect)"/>
  </testcase>
  <testcase name="Test6" classname="org.demoproj.OmayoRight" time="0">
    <skipped message="C:\Users\sasik\eclipse-workspace\TestNg16_10_projct\src	est\resources\Excelfile\Book1.xlsx (The filename, directory name, or volume label syntax is incorrect)"/>
  </testcase>
  <testcase name="Test7" classname="org.demoproj.OmayoRight" time="0">
    <skipped message="C:\Users\sasik\eclipse-workspace\TestNg16_10_projct\src	est\resources\Excelfile\Book1.xlsx (The filename, directory name, or volume label syntax is incorrect)"/>
  </testcase>
  <testcase name="Test8" classname="org.demoproj.OmayoRight" time="0">
    <skipped message="C:\Users\sasik\eclipse-workspace\TestNg16_10_projct\src	est\resources\Excelfile\Book1.xlsx (The filename, directory name, or volume label syntax is incorrect)"/>
  </testcase>
  <testcase name="Test9" classname="org.demoproj.OmayoRight" time="0">
    <skipped message="C:\Users\sasik\eclipse-workspace\TestNg16_10_projct\src	est\resources\Excelfile\Book1.xlsx (The filename, directory name, or volume label syntax is incorrect)"/>
  </testcase>
  <testcase name="afterClass" classname="org.demoproj.OmayoRight" time="0">
    <skipped/>
  </testcase>
  <testcase name="beforeClass" classname="org.demoproj.OmayoCentre" time="5.646">
    <failure message="C:\Users\sasik\eclipse-workspace\TestNg16_10_projct\src	est\resources\Excelfile\Book1.xlsx (The filename, directory name, or volume label syntax is incorrect)" type="java.io.FileNotFoundException">java.io.FileNotFoundException: C:\Users\sasik\eclipse-workspace\TestNg16_10_projct\src	est\resources\Excelfile\Book1.xlsx (The filename, directory name, or volume label syntax is incorrect)
	at org.demoproj.OmayoCentre.beforeClass(OmayoCentre.java:17)
</failure>
    <system-err><![CDATA[Starting ChromeDriver 132.0.6834.159 (2d77d3fc4452661469b78f115e0aed4d71269739-refs/branch-heads/6834@{#4408}) on port 14175
Only local connections are allowed.
Please see https://chromedriver.chromium.org/security-considerations for suggestions on keeping ChromeDriver safe.
ChromeDriver was started successfully on port 14175.
Feb 05, 2025 12:41:26 PM org.openqa.selenium.remote.ProtocolHandshake createSession
INFO: Detected dialect: W3C
]]></system-err>
  </testcase>
  <testcase name="beforeMethod" classname="org.demoproj.OmayoCentre" time="0">
    <skipped/>
  </testcase>
  <testcase name="beforeMethod" classname="org.demoproj.OmayoCentre" time="0">
    <skipped/>
  </testcase>
  <testcase name="beforeMethod" classname="org.demoproj.OmayoCentre" time="0">
    <skipped/>
  </testcase>
  <testcase name="beforeMethod" classname="org.demoproj.OmayoCentre" time="0">
    <skipped/>
  </testcase>
  <testcase name="beforeMethod" classname="org.demoproj.OmayoCentre" time="0">
    <skipped/>
  </testcase>
  <testcase name="beforeMethod" classname="org.demoproj.OmayoCentre" time="0">
    <skipped/>
  </testcase>
  <testcase name="beforeMethod" classname="org.demoproj.OmayoCentre" time="0">
    <skipped/>
  </testcase>
  <testcase name="beforeMethod" classname="org.demoproj.OmayoCentre" time="0">
    <skipped/>
  </testcase>
  <testcase name="beforeMethod" classname="org.demoproj.OmayoCentre" time="0">
    <skipped/>
  </testcase>
  <testcase name="beforeMethod" classname="org.demoproj.OmayoCentre" time="0">
    <skipped/>
  </testcase>
  <testcase name="beforeMethod" classname="org.demoproj.OmayoCentre" time="0">
    <skipped/>
  </testcase>
  <testcase name="beforeMethod" classname="org.demoproj.OmayoCentre" time="0">
    <skipped/>
  </testcase>
  <testcase name="beforeMethod" classname="org.demoproj.OmayoCentre" time="0">
    <skipped/>
  </testcase>
  <testcase name="Test1" classname="org.demoproj.OmayoCentre" time="0">
    <skipped message="C:\Users\sasik\eclipse-workspace\TestNg16_10_projct\src	est\resources\Excelfile\Book1.xlsx (The filename, directory name, or volume label syntax is incorrect)"/>
  </testcase>
  <testcase name="afterMethod" classname="org.demoproj.OmayoCentre" time="0">
    <skipped/>
  </testcase>
  <testcase name="afterMethod" classname="org.demoproj.OmayoCentre" time="0">
    <skipped/>
  </testcase>
  <testcase name="afterMethod" classname="org.demoproj.OmayoCentre" time="0">
    <skipped/>
  </testcase>
  <testcase name="afterMethod" classname="org.demoproj.OmayoCentre" time="0">
    <skipped/>
  </testcase>
  <testcase name="afterMethod" classname="org.demoproj.OmayoCentre" time="0">
    <skipped/>
  </testcase>
  <testcase name="afterMethod" classname="org.demoproj.OmayoCentre" time="0">
    <skipped/>
  </testcase>
  <testcase name="afterMethod" classname="org.demoproj.OmayoCentre" time="0">
    <skipped/>
  </testcase>
  <testcase name="afterMethod" classname="org.demoproj.OmayoCentre" time="0">
    <skipped/>
  </testcase>
  <testcase name="afterMethod" classname="org.demoproj.OmayoCentre" time="0">
    <skipped/>
  </testcase>
  <testcase name="afterMethod" classname="org.demoproj.OmayoCentre" time="0">
    <skipped/>
  </testcase>
  <testcase name="afterMethod" classname="org.demoproj.OmayoCentre" time="0">
    <skipped/>
  </testcase>
  <testcase name="afterMethod" classname="org.demoproj.OmayoCentre" time="0">
    <skipped/>
  </testcase>
  <testcase name="afterMethod" classname="org.demoproj.OmayoCentre" time="0">
    <skipped/>
  </testcase>
  <testcase name="Test2" classname="org.demoproj.OmayoCentre" time="0">
    <skipped message="C:\Users\sasik\eclipse-workspace\TestNg16_10_projct\src	est\resources\Excelfile\Book1.xlsx (The filename, directory name, or volume label syntax is incorrect)"/>
  </testcase>
  <testcase name="Test3" classname="org.demoproj.OmayoCentre" time="0">
    <skipped message="C:\Users\sasik\eclipse-workspace\TestNg16_10_projct\src	est\resources\Excelfile\Book1.xlsx (The filename, directory name, or volume label syntax is incorrect)"/>
  </testcase>
  <testcase name="Test4" classname="org.demoproj.OmayoCentre" time="0">
    <skipped message="C:\Users\sasik\eclipse-workspace\TestNg16_10_projct\src	est\resources\Excelfile\Book1.xlsx (The filename, directory name, or volume label syntax is incorrect)"/>
  </testcase>
  <testcase name="Test4" classname="org.demoproj.OmayoCentre" time="0">
    <skipped message="C:\Users\sasik\eclipse-workspace\TestNg16_10_projct\src	est\resources\Excelfile\Book1.xlsx (The filename, directory name, or volume label syntax is incorrect)"/>
  </testcase>
  <testcase name="Test4" classname="org.demoproj.OmayoCentre" time="0">
    <skipped message="C:\Users\sasik\eclipse-workspace\TestNg16_10_projct\src	est\resources\Excelfile\Book1.xlsx (The filename, directory name, or volume label syntax is incorrect)"/>
  </testcase>
  <testcase name="Test4" classname="org.demoproj.OmayoCentre" time="0">
    <skipped message="C:\Users\sasik\eclipse-workspace\TestNg16_10_projct\src	est\resources\Excelfile\Book1.xlsx (The filename, directory name, or volume label syntax is incorrect)"/>
  </testcase>
  <testcase name="Test5" classname="org.demoproj.OmayoCentre" time="0">
    <skipped message="C:\Users\sasik\eclipse-workspace\TestNg16_10_projct\src	est\resources\Excelfile\Book1.xlsx (The filename, directory name, or volume label syntax is incorrect)"/>
  </testcase>
  <testcase name="Test5" classname="org.demoproj.OmayoCentre" time="0">
    <skipped message="C:\Users\sasik\eclipse-workspace\TestNg16_10_projct\src	est\resources\Excelfile\Book1.xlsx (The filename, directory name, or volume label syntax is incorrect)"/>
  </testcase>
  <testcase name="Test5" classname="org.demoproj.OmayoCentre" time="0">
    <skipped message="C:\Users\sasik\eclipse-workspace\TestNg16_10_projct\src	est\resources\Excelfile\Book1.xlsx (The filename, directory name, or volume label syntax is incorrect)"/>
  </testcase>
  <testcase name="Test5" classname="org.demoproj.OmayoCentre" time="0">
    <skipped message="C:\Users\sasik\eclipse-workspace\TestNg16_10_projct\src	est\resources\Excelfile\Book1.xlsx (The filename, directory name, or volume label syntax is incorrect)"/>
  </testcase>
  <testcase name="Test6" classname="org.demoproj.OmayoCentre" time="0">
    <skipped message="C:\Users\sasik\eclipse-workspace\TestNg16_10_projct\src	est\resources\Excelfile\Book1.xlsx (The filename, directory name, or volume label syntax is incorrect)"/>
  </testcase>
  <testcase name="Test7" classname="org.demoproj.OmayoCentre" time="0">
    <skipped message="C:\Users\sasik\eclipse-workspace\TestNg16_10_projct\src	est\resources\Excelfile\Book1.xlsx (The filename, directory name, or volume label syntax is incorrect)"/>
  </testcase>
  <testcase name="afterClass" classname="org.demoproj.OmayoCentre" time="0">
    <skipped/>
  </testcase>
  <testcase name="beforeClass" classname="org.demoproj.OmayoLeft" time="7.662">
    <failure message="C:\Users\sasik\eclipse-workspace\TestNg16_10_projct\src	est\resources\Excelfile\Book1.xlsx (The filename, directory name, or volume label syntax is incorrect)" type="java.io.FileNotFoundException">java.io.FileNotFoundException: C:\Users\sasik\eclipse-workspace\TestNg16_10_projct\src	est\resources\Excelfile\Book1.xlsx (The filename, directory name, or volume label syntax is incorrect)
	at org.demoproj.OmayoLeft.beforeClass(OmayoLeft.java:20)
</failure>
    <system-err><![CDATA[Starting ChromeDriver 132.0.6834.159 (2d77d3fc4452661469b78f115e0aed4d71269739-refs/branch-heads/6834@{#4408}) on port 32009
Only local connections are allowed.
Please see https://chromedriver.chromium.org/security-considerations for suggestions on keeping ChromeDriver safe.
ChromeDriver was started successfully on port 32009.
Feb 05, 2025 12:41:28 PM org.openqa.selenium.remote.ProtocolHandshake createSession
INFO: Detected dialect: W3C
]]></system-err>
  </testcase>
  <testcase name="beforeMethod" classname="org.demoproj.OmayoLeft" time="0">
    <skipped/>
  </testcase>
  <testcase name="beforeMethod" classname="org.demoproj.OmayoLeft" time="0">
    <skipped/>
  </testcase>
  <testcase name="beforeMethod" classname="org.demoproj.OmayoLeft" time="0">
    <skipped/>
  </testcase>
  <testcase name="beforeMethod" classname="org.demoproj.OmayoLeft" time="0">
    <skipped/>
  </testcase>
  <testcase name="beforeMethod" classname="org.demoproj.OmayoLeft" time="0">
    <skipped/>
  </testcase>
  <testcase name="Test1" classname="org.demoproj.OmayoLeft" time="0">
    <skipped message="C:\Users\sasik\eclipse-workspace\TestNg16_10_projct\src	est\resources\Excelfile\Book1.xlsx (The filename, directory name, or volume label syntax is incorrect)"/>
  </testcase>
  <testcase name="afterMethod" classname="org.demoproj.OmayoLeft" time="0">
    <skipped/>
  </testcase>
  <testcase name="afterMethod" classname="org.demoproj.OmayoLeft" time="0">
    <skipped/>
  </testcase>
  <testcase name="afterMethod" classname="org.demoproj.OmayoLeft" time="0">
    <skipped/>
  </testcase>
  <testcase name="afterMethod" classname="org.demoproj.OmayoLeft" time="0">
    <skipped/>
  </testcase>
  <testcase name="afterMethod" classname="org.demoproj.OmayoLeft" time="0">
    <skipped/>
  </testcase>
  <testcase name="Test2" classname="org.demoproj.OmayoLeft" time="0">
    <skipped message="C:\Users\sasik\eclipse-workspace\TestNg16_10_projct\src	est\resources\Excelfile\Book1.xlsx (The filename, directory name, or volume label syntax is incorrect)"/>
  </testcase>
  <testcase name="Test3" classname="org.demoproj.OmayoLeft" time="0">
    <skipped message="C:\Users\sasik\eclipse-workspace\TestNg16_10_projct\src	est\resources\Excelfile\Book1.xlsx (The filename, directory name, or volume label syntax is incorrect)"/>
  </testcase>
  <testcase name="Test4" classname="org.demoproj.OmayoLeft" time="0">
    <skipped message="C:\Users\sasik\eclipse-workspace\TestNg16_10_projct\src	est\resources\Excelfile\Book1.xlsx (The filename, directory name, or volume label syntax is incorrect)"/>
  </testcase>
  <testcase name="Test5" classname="org.demoproj.OmayoLeft" time="0">
    <skipped message="C:\Users\sasik\eclipse-workspace\TestNg16_10_projct\src	est\resources\Excelfile\Book1.xlsx (The filename, directory name, or volume label syntax is incorrect)"/>
  </testcase>
  <testcase name="afterClass" classname="org.demoproj.OmayoLeft" time="0">
    <skipped/>
  </testcase>
</testsuite>