<?xml version="1.0" encoding="UTF-8"?>
<testng-results skipped="0" failed="0" ignored="0" total="1" passed="1">
  <reporter-output>
  </reporter-output>
  <suite name="Default suite" duration-ms="18746" started-at="2025-01-31T04:04:52Z" finished-at="2025-01-31T04:05:11Z">
    <groups>
    </groups>
    <test name="Default test" duration-ms="18746" started-at="2025-01-31T04:04:52Z" finished-at="2025-01-31T04:05:11Z">
      <class name="org.demoproj.LeetCodeLogin">
        <test-method status="PASS" signature="Test1()[pri:0, instance:org.demoproj.LeetCodeLogin@5f341870]" name="Test1" duration-ms="18707" started-at="2025-01-31T04:04:52Z" finished-at="2025-01-31T04:05:11Z">
          <reporter-output>
          </reporter-output>
        </test-method> <!-- Test1 -->
      </class> <!-- org.demoproj.LeetCodeLogin -->
    </test> <!-- Default test -->
  </suite> <!-- Default suite -->
</testng-results>
