<?xml version="1.0" encoding="UTF-8"?>
<testng-results skipped="0" failed="0" ignored="0" total="28" passed="28">
  <reporter-output>
  </reporter-output>
  <suite name="Suite" duration-ms="123939" started-at="2025-02-05T06:18:47Z" finished-at="2025-02-05T06:20:51Z">
    <groups>
      <group name="leftomayo">
        <method signature="OmayoLeft.Test1(java.lang.String, java.lang.String)[pri:0, instance:org.demoproj.OmayoLeft@72d818d1]" name="Test1" class="org.demoproj.OmayoLeft"/>
        <method signature="OmayoLeft.Test2()[pri:0, instance:org.demoproj.OmayoLeft@72d818d1]" name="Test2" class="org.demoproj.OmayoLeft"/>
        <method signature="OmayoLeft.Test3()[pri:0, instance:org.demoproj.OmayoLeft@72d818d1]" name="Test3" class="org.demoproj.OmayoLeft"/>
        <method signature="OmayoLeft.Test4()[pri:0, instance:org.demoproj.OmayoLeft@72d818d1]" name="Test4" class="org.demoproj.OmayoLeft"/>
        <method signature="OmayoLeft.Test5()[pri:0, instance:org.demoproj.OmayoLeft@72d818d1]" name="Test5" class="org.demoproj.OmayoLeft"/>
      </group> <!-- leftomayo -->
      <group name="rightomayo">
        <method signature="OmayoRight.Test1()[pri:0, instance:org.demoproj.OmayoRight@56ac3a89]" name="Test1" class="org.demoproj.OmayoRight"/>
        <method signature="OmayoRight.Test12()[pri:0, instance:org.demoproj.OmayoRight@56ac3a89]" name="Test12" class="org.demoproj.OmayoRight"/>
        <method signature="OmayoRight.Test2()[pri:0, instance:org.demoproj.OmayoRight@56ac3a89]" name="Test2" class="org.demoproj.OmayoRight"/>
        <method signature="OmayoRight.Test3()[pri:0, instance:org.demoproj.OmayoRight@56ac3a89]" name="Test3" class="org.demoproj.OmayoRight"/>
        <method signature="OmayoRight.Test4()[pri:0, instance:org.demoproj.OmayoRight@56ac3a89]" name="Test4" class="org.demoproj.OmayoRight"/>
        <method signature="OmayoRight.Test5()[pri:0, instance:org.demoproj.OmayoRight@56ac3a89]" name="Test5" class="org.demoproj.OmayoRight"/>
        <method signature="OmayoRight.Test6()[pri:0, instance:org.demoproj.OmayoRight@56ac3a89]" name="Test6" class="org.demoproj.OmayoRight"/>
        <method signature="OmayoRight.Test7()[pri:0, instance:org.demoproj.OmayoRight@56ac3a89]" name="Test7" class="org.demoproj.OmayoRight"/>
        <method signature="OmayoRight.Test8()[pri:0, instance:org.demoproj.OmayoRight@56ac3a89]" name="Test8" class="org.demoproj.OmayoRight"/>
        <method signature="OmayoRight.Test9()[pri:0, instance:org.demoproj.OmayoRight@56ac3a89]" name="Test9" class="org.demoproj.OmayoRight"/>
      </group> <!-- rightomayo -->
      <group name="centreomayo">
        <method signature="OmayoCentre.Test1()[pri:0, instance:org.demoproj.OmayoCentre@27c20538]" name="Test1" class="org.demoproj.OmayoCentre"/>
        <method signature="OmayoCentre.Test2()[pri:0, instance:org.demoproj.OmayoCentre@27c20538]" name="Test2" class="org.demoproj.OmayoCentre"/>
        <method signature="OmayoCentre.Test3()[pri:0, instance:org.demoproj.OmayoCentre@27c20538]" name="Test3" class="org.demoproj.OmayoCentre"/>
        <method signature="OmayoCentre.Test4(java.lang.String, java.lang.String)[pri:0, instance:org.demoproj.OmayoCentre@27c20538]" name="Test4" class="org.demoproj.OmayoCentre"/>
        <method signature="OmayoCentre.Test5(java.lang.String, java.lang.String)[pri:0, instance:org.demoproj.OmayoCentre@27c20538]" name="Test5" class="org.demoproj.OmayoCentre"/>
        <method signature="OmayoCentre.Test6()[pri:0, instance:org.demoproj.OmayoCentre@27c20538]" name="Test6" class="org.demoproj.OmayoCentre"/>
        <method signature="OmayoCentre.Test7()[pri:0, instance:org.demoproj.OmayoCentre@27c20538]" name="Test7" class="org.demoproj.OmayoCentre"/>
      </group> <!-- centreomayo -->
    </groups>
    <test name="Test" duration-ms="123939" started-at="2025-02-05T06:18:47Z" finished-at="2025-02-05T06:20:51Z">
      <class name="org.demoproj.OmayoRight">
        <test-method status="PASS" signature="beforClass()[pri:0, instance:org.demoproj.OmayoRight@56ac3a89]" name="beforClass" is-config="true" duration-ms="7839" started-at="2025-02-05T06:18:47Z" finished-at="2025-02-05T06:18:55Z">
          <reporter-output>
          </reporter-output>
        </test-method> <!-- beforClass -->
        <test-method status="PASS" signature="beforeMethod()[pri:0, instance:org.demoproj.OmayoRight@56ac3a89]" name="beforeMethod" is-config="true" duration-ms="2" started-at="2025-02-05T06:18:55Z" finished-at="2025-02-05T06:18:55Z">
          <reporter-output>
          </reporter-output>
        </test-method> <!-- beforeMethod -->
        <test-method status="PASS" signature="Test1()[pri:0, instance:org.demoproj.OmayoRight@56ac3a89]" name="Test1" duration-ms="468" started-at="2025-02-05T06:18:55Z" finished-at="2025-02-05T06:18:56Z">
          <reporter-output>
          </reporter-output>
        </test-method> <!-- Test1 -->
        <test-method status="PASS" signature="afterMethod()[pri:0, instance:org.demoproj.OmayoRight@56ac3a89]" name="afterMethod" is-config="true" duration-ms="0" started-at="2025-02-05T06:18:56Z" finished-at="2025-02-05T06:18:56Z">
          <reporter-output>
          </reporter-output>
        </test-method> <!-- afterMethod -->
        <test-method status="PASS" signature="beforeMethod()[pri:0, instance:org.demoproj.OmayoRight@56ac3a89]" name="beforeMethod" is-config="true" duration-ms="1" started-at="2025-02-05T06:18:56Z" finished-at="2025-02-05T06:18:56Z">
          <reporter-output>
          </reporter-output>
        </test-method> <!-- beforeMethod -->
        <test-method status="PASS" signature="Test12()[pri:0, instance:org.demoproj.OmayoRight@56ac3a89]" name="Test12" duration-ms="33111" started-at="2025-02-05T06:18:56Z" finished-at="2025-02-05T06:19:29Z">
          <reporter-output>
          </reporter-output>
        </test-method> <!-- Test12 -->
        <test-method status="PASS" signature="afterMethod()[pri:0, instance:org.demoproj.OmayoRight@56ac3a89]" name="afterMethod" is-config="true" duration-ms="0" started-at="2025-02-05T06:19:29Z" finished-at="2025-02-05T06:19:29Z">
          <reporter-output>
          </reporter-output>
        </test-method> <!-- afterMethod -->
        <test-method status="PASS" signature="Test2()[pri:0, instance:org.demoproj.OmayoRight@56ac3a89]" name="Test2" duration-ms="660" started-at="2025-02-05T06:19:29Z" finished-at="2025-02-05T06:19:29Z">
          <reporter-output>
          </reporter-output>
        </test-method> <!-- Test2 -->
        <test-method status="PASS" signature="beforeMethod()[pri:0, instance:org.demoproj.OmayoRight@56ac3a89]" name="beforeMethod" is-config="true" duration-ms="0" started-at="2025-02-05T06:19:29Z" finished-at="2025-02-05T06:19:29Z">
          <reporter-output>
          </reporter-output>
        </test-method> <!-- beforeMethod -->
        <test-method status="PASS" signature="afterMethod()[pri:0, instance:org.demoproj.OmayoRight@56ac3a89]" name="afterMethod" is-config="true" duration-ms="1" started-at="2025-02-05T06:19:29Z" finished-at="2025-02-05T06:19:29Z">
          <reporter-output>
          </reporter-output>
        </test-method> <!-- afterMethod -->
        <test-method status="PASS" signature="beforeMethod()[pri:0, instance:org.demoproj.OmayoRight@56ac3a89]" name="beforeMethod" is-config="true" duration-ms="2" started-at="2025-02-05T06:19:29Z" finished-at="2025-02-05T06:19:29Z">
          <reporter-output>
          </reporter-output>
        </test-method> <!-- beforeMethod -->
        <test-method status="PASS" signature="Test3()[pri:0, instance:org.demoproj.OmayoRight@56ac3a89]" name="Test3" duration-ms="1054" started-at="2025-02-05T06:19:29Z" finished-at="2025-02-05T06:19:30Z">
          <reporter-output>
          </reporter-output>
        </test-method> <!-- Test3 -->
        <test-method status="PASS" signature="afterMethod()[pri:0, instance:org.demoproj.OmayoRight@56ac3a89]" name="afterMethod" is-config="true" duration-ms="1" started-at="2025-02-05T06:19:30Z" finished-at="2025-02-05T06:19:30Z">
          <reporter-output>
          </reporter-output>
        </test-method> <!-- afterMethod -->
        <test-method status="PASS" signature="Test4()[pri:0, instance:org.demoproj.OmayoRight@56ac3a89]" name="Test4" duration-ms="306" started-at="2025-02-05T06:19:30Z" finished-at="2025-02-05T06:19:31Z">
          <reporter-output>
          </reporter-output>
        </test-method> <!-- Test4 -->
        <test-method status="PASS" signature="beforeMethod()[pri:0, instance:org.demoproj.OmayoRight@56ac3a89]" name="beforeMethod" is-config="true" duration-ms="0" started-at="2025-02-05T06:19:30Z" finished-at="2025-02-05T06:19:30Z">
          <reporter-output>
          </reporter-output>
        </test-method> <!-- beforeMethod -->
        <test-method status="PASS" signature="afterMethod()[pri:0, instance:org.demoproj.OmayoRight@56ac3a89]" name="afterMethod" is-config="true" duration-ms="0" started-at="2025-02-05T06:19:31Z" finished-at="2025-02-05T06:19:31Z">
          <reporter-output>
          </reporter-output>
        </test-method> <!-- afterMethod -->
        <test-method status="PASS" signature="beforeMethod()[pri:0, instance:org.demoproj.OmayoRight@56ac3a89]" name="beforeMethod" is-config="true" duration-ms="0" started-at="2025-02-05T06:19:31Z" finished-at="2025-02-05T06:19:31Z">
          <reporter-output>
          </reporter-output>
        </test-method> <!-- beforeMethod -->
        <test-method status="PASS" signature="Test5()[pri:0, instance:org.demoproj.OmayoRight@56ac3a89]" name="Test5" duration-ms="300" started-at="2025-02-05T06:19:31Z" finished-at="2025-02-05T06:19:31Z">
          <reporter-output>
          </reporter-output>
        </test-method> <!-- Test5 -->
        <test-method status="PASS" signature="Test6()[pri:0, instance:org.demoproj.OmayoRight@56ac3a89]" name="Test6" duration-ms="13236" started-at="2025-02-05T06:19:31Z" finished-at="2025-02-05T06:19:44Z">
          <reporter-output>
          </reporter-output>
        </test-method> <!-- Test6 -->
        <test-method status="PASS" signature="afterMethod()[pri:0, instance:org.demoproj.OmayoRight@56ac3a89]" name="afterMethod" is-config="true" duration-ms="0" started-at="2025-02-05T06:19:31Z" finished-at="2025-02-05T06:19:31Z">
          <reporter-output>
          </reporter-output>
        </test-method> <!-- afterMethod -->
        <test-method status="PASS" signature="beforeMethod()[pri:0, instance:org.demoproj.OmayoRight@56ac3a89]" name="beforeMethod" is-config="true" duration-ms="0" started-at="2025-02-05T06:19:31Z" finished-at="2025-02-05T06:19:31Z">
          <reporter-output>
          </reporter-output>
        </test-method> <!-- beforeMethod -->
        <test-method status="PASS" signature="afterMethod()[pri:0, instance:org.demoproj.OmayoRight@56ac3a89]" name="afterMethod" is-config="true" duration-ms="1" started-at="2025-02-05T06:19:44Z" finished-at="2025-02-05T06:19:44Z">
          <reporter-output>
          </reporter-output>
        </test-method> <!-- afterMethod -->
        <test-method status="PASS" signature="beforeMethod()[pri:0, instance:org.demoproj.OmayoRight@56ac3a89]" name="beforeMethod" is-config="true" duration-ms="2" started-at="2025-02-05T06:19:44Z" finished-at="2025-02-05T06:19:44Z">
          <reporter-output>
          </reporter-output>
        </test-method> <!-- beforeMethod -->
        <test-method status="PASS" signature="Test7()[pri:0, instance:org.demoproj.OmayoRight@56ac3a89]" name="Test7" duration-ms="154" started-at="2025-02-05T06:19:44Z" finished-at="2025-02-05T06:19:44Z">
          <reporter-output>
          </reporter-output>
        </test-method> <!-- Test7 -->
        <test-method status="PASS" signature="afterMethod()[pri:0, instance:org.demoproj.OmayoRight@56ac3a89]" name="afterMethod" is-config="true" duration-ms="2" started-at="2025-02-05T06:19:44Z" finished-at="2025-02-05T06:19:44Z">
          <reporter-output>
          </reporter-output>
        </test-method> <!-- afterMethod -->
        <test-method status="PASS" signature="beforeMethod()[pri:0, instance:org.demoproj.OmayoRight@56ac3a89]" name="beforeMethod" is-config="true" duration-ms="0" started-at="2025-02-05T06:19:44Z" finished-at="2025-02-05T06:19:44Z">
          <reporter-output>
          </reporter-output>
        </test-method> <!-- beforeMethod -->
        <test-method status="PASS" signature="Test8()[pri:0, instance:org.demoproj.OmayoRight@56ac3a89]" name="Test8" duration-ms="186" started-at="2025-02-05T06:19:44Z" finished-at="2025-02-05T06:19:45Z">
          <reporter-output>
          </reporter-output>
        </test-method> <!-- Test8 -->
        <test-method status="PASS" signature="afterMethod()[pri:0, instance:org.demoproj.OmayoRight@56ac3a89]" name="afterMethod" is-config="true" duration-ms="0" started-at="2025-02-05T06:19:45Z" finished-at="2025-02-05T06:19:45Z">
          <reporter-output>
          </reporter-output>
        </test-method> <!-- afterMethod -->
        <test-method status="PASS" signature="beforeMethod()[pri:0, instance:org.demoproj.OmayoRight@56ac3a89]" name="beforeMethod" is-config="true" duration-ms="0" started-at="2025-02-05T06:19:45Z" finished-at="2025-02-05T06:19:45Z">
          <reporter-output>
          </reporter-output>
        </test-method> <!-- beforeMethod -->
        <test-method status="PASS" signature="Test9()[pri:0, instance:org.demoproj.OmayoRight@56ac3a89]" name="Test9" duration-ms="327" started-at="2025-02-05T06:19:45Z" finished-at="2025-02-05T06:19:45Z">
          <reporter-output>
          </reporter-output>
        </test-method> <!-- Test9 -->
        <test-method status="PASS" signature="afterMethod()[pri:0, instance:org.demoproj.OmayoRight@56ac3a89]" name="afterMethod" is-config="true" duration-ms="2" started-at="2025-02-05T06:19:45Z" finished-at="2025-02-05T06:19:45Z">
          <reporter-output>
          </reporter-output>
        </test-method> <!-- afterMethod -->
        <test-method status="PASS" signature="afterClass()[pri:0, instance:org.demoproj.OmayoRight@56ac3a89]" name="afterClass" is-config="true" duration-ms="893" started-at="2025-02-05T06:19:45Z" finished-at="2025-02-05T06:19:46Z">
          <reporter-output>
          </reporter-output>
        </test-method> <!-- afterClass -->
      </class> <!-- org.demoproj.OmayoRight -->
      <class name="org.demoproj.OmayoLeft">
        <test-method status="PASS" signature="beforeClass()[pri:0, instance:org.demoproj.OmayoLeft@72d818d1]" name="beforeClass" is-config="true" duration-ms="5301" started-at="2025-02-05T06:20:05Z" finished-at="2025-02-05T06:20:11Z">
          <reporter-output>
          </reporter-output>
        </test-method> <!-- beforeClass -->
        <test-method status="PASS" signature="Test1(java.lang.String, java.lang.String)[pri:0, instance:org.demoproj.OmayoLeft@72d818d1]" name="Test1" duration-ms="669" started-at="2025-02-05T06:20:11Z" finished-at="2025-02-05T06:20:11Z">
          <params>
            <param index="0">
              <value>
                <![CDATA[Swift]]>
              </value>
            </param>
            <param index="1">
              <value>
                <![CDATA[Hyundai]]>
              </value>
            </param>
          </params>
          <reporter-output>
          </reporter-output>
        </test-method> <!-- Test1 -->
        <test-method status="PASS" signature="beforeMethod()[pri:0, instance:org.demoproj.OmayoLeft@72d818d1]" name="beforeMethod" is-config="true" duration-ms="0" started-at="2025-02-05T06:20:11Z" finished-at="2025-02-05T06:20:11Z">
          <reporter-output>
          </reporter-output>
        </test-method> <!-- beforeMethod -->
        <test-method status="PASS" signature="afterMethod()[pri:0, instance:org.demoproj.OmayoLeft@72d818d1]" name="afterMethod" is-config="true" duration-ms="0" started-at="2025-02-05T06:20:11Z" finished-at="2025-02-05T06:20:11Z">
          <reporter-output>
          </reporter-output>
        </test-method> <!-- afterMethod -->
        <test-method status="PASS" signature="beforeMethod()[pri:0, instance:org.demoproj.OmayoLeft@72d818d1]" name="beforeMethod" is-config="true" duration-ms="2" started-at="2025-02-05T06:20:11Z" finished-at="2025-02-05T06:20:11Z">
          <reporter-output>
          </reporter-output>
        </test-method> <!-- beforeMethod -->
        <test-method status="PASS" signature="Test2()[pri:0, instance:org.demoproj.OmayoLeft@72d818d1]" name="Test2" duration-ms="233" started-at="2025-02-05T06:20:11Z" finished-at="2025-02-05T06:20:11Z">
          <reporter-output>
          </reporter-output>
        </test-method> <!-- Test2 -->
        <test-method status="PASS" signature="afterMethod()[pri:0, instance:org.demoproj.OmayoLeft@72d818d1]" name="afterMethod" is-config="true" duration-ms="0" started-at="2025-02-05T06:20:11Z" finished-at="2025-02-05T06:20:11Z">
          <reporter-output>
          </reporter-output>
        </test-method> <!-- afterMethod -->
        <test-method status="PASS" signature="beforeMethod()[pri:0, instance:org.demoproj.OmayoLeft@72d818d1]" name="beforeMethod" is-config="true" duration-ms="1" started-at="2025-02-05T06:20:11Z" finished-at="2025-02-05T06:20:11Z">
          <reporter-output>
          </reporter-output>
        </test-method> <!-- beforeMethod -->
        <test-method status="PASS" signature="Test3()[pri:0, instance:org.demoproj.OmayoLeft@72d818d1]" name="Test3" duration-ms="26528" started-at="2025-02-05T06:20:11Z" finished-at="2025-02-05T06:20:38Z">
          <reporter-output>
          </reporter-output>
        </test-method> <!-- Test3 -->
        <test-method status="PASS" signature="beforeMethod()[pri:0, instance:org.demoproj.OmayoLeft@72d818d1]" name="beforeMethod" is-config="true" duration-ms="0" started-at="2025-02-05T06:20:38Z" finished-at="2025-02-05T06:20:38Z">
          <reporter-output>
          </reporter-output>
        </test-method> <!-- beforeMethod -->
        <test-method status="PASS" signature="Test4()[pri:0, instance:org.demoproj.OmayoLeft@72d818d1]" name="Test4" duration-ms="12214" started-at="2025-02-05T06:20:38Z" finished-at="2025-02-05T06:20:50Z">
          <reporter-output>
          </reporter-output>
        </test-method> <!-- Test4 -->
        <test-method status="PASS" signature="afterMethod()[pri:0, instance:org.demoproj.OmayoLeft@72d818d1]" name="afterMethod" is-config="true" duration-ms="0" started-at="2025-02-05T06:20:38Z" finished-at="2025-02-05T06:20:38Z">
          <reporter-output>
          </reporter-output>
        </test-method> <!-- afterMethod -->
        <test-method status="PASS" signature="beforeMethod()[pri:0, instance:org.demoproj.OmayoLeft@72d818d1]" name="beforeMethod" is-config="true" duration-ms="0" started-at="2025-02-05T06:20:50Z" finished-at="2025-02-05T06:20:50Z">
          <reporter-output>
          </reporter-output>
        </test-method> <!-- beforeMethod -->
        <test-method status="PASS" signature="Test5()[pri:0, instance:org.demoproj.OmayoLeft@72d818d1]" name="Test5" duration-ms="185" started-at="2025-02-05T06:20:50Z" finished-at="2025-02-05T06:20:50Z">
          <reporter-output>
          </reporter-output>
        </test-method> <!-- Test5 -->
        <test-method status="PASS" signature="afterMethod()[pri:0, instance:org.demoproj.OmayoLeft@72d818d1]" name="afterMethod" is-config="true" duration-ms="0" started-at="2025-02-05T06:20:50Z" finished-at="2025-02-05T06:20:50Z">
          <reporter-output>
          </reporter-output>
        </test-method> <!-- afterMethod -->
        <test-method status="PASS" signature="afterClass()[pri:0, instance:org.demoproj.OmayoLeft@72d818d1]" name="afterClass" is-config="true" duration-ms="810" started-at="2025-02-05T06:20:50Z" finished-at="2025-02-05T06:20:51Z">
          <reporter-output>
          </reporter-output>
        </test-method> <!-- afterClass -->
        <test-method status="PASS" signature="afterMethod()[pri:0, instance:org.demoproj.OmayoLeft@72d818d1]" name="afterMethod" is-config="true" duration-ms="0" started-at="2025-02-05T06:20:50Z" finished-at="2025-02-05T06:20:50Z">
          <reporter-output>
          </reporter-output>
        </test-method> <!-- afterMethod -->
      </class> <!-- org.demoproj.OmayoLeft -->
      <class name="org.demoproj.OmayoCentre">
        <test-method status="PASS" signature="beforeClass()[pri:0, instance:org.demoproj.OmayoCentre@27c20538]" name="beforeClass" is-config="true" duration-ms="7792" started-at="2025-02-05T06:19:46Z" finished-at="2025-02-05T06:19:54Z">
          <reporter-output>
          </reporter-output>
        </test-method> <!-- beforeClass -->
        <test-method status="PASS" signature="beforeMethod()[pri:0, instance:org.demoproj.OmayoCentre@27c20538]" name="beforeMethod" is-config="true" duration-ms="1" started-at="2025-02-05T06:19:54Z" finished-at="2025-02-05T06:19:54Z">
          <reporter-output>
          </reporter-output>
        </test-method> <!-- beforeMethod -->
        <test-method status="PASS" signature="Test1()[pri:0, instance:org.demoproj.OmayoCentre@27c20538]" name="Test1" duration-ms="614" started-at="2025-02-05T06:19:54Z" finished-at="2025-02-05T06:19:54Z">
          <reporter-output>
          </reporter-output>
        </test-method> <!-- Test1 -->
        <test-method status="PASS" signature="afterMethod()[pri:0, instance:org.demoproj.OmayoCentre@27c20538]" name="afterMethod" is-config="true" duration-ms="0" started-at="2025-02-05T06:19:54Z" finished-at="2025-02-05T06:19:54Z">
          <reporter-output>
          </reporter-output>
        </test-method> <!-- afterMethod -->
        <test-method status="PASS" signature="Test2()[pri:0, instance:org.demoproj.OmayoCentre@27c20538]" name="Test2" duration-ms="152" started-at="2025-02-05T06:19:54Z" finished-at="2025-02-05T06:19:54Z">
          <reporter-output>
          </reporter-output>
        </test-method> <!-- Test2 -->
        <test-method status="PASS" signature="beforeMethod()[pri:0, instance:org.demoproj.OmayoCentre@27c20538]" name="beforeMethod" is-config="true" duration-ms="0" started-at="2025-02-05T06:19:54Z" finished-at="2025-02-05T06:19:54Z">
          <reporter-output>
          </reporter-output>
        </test-method> <!-- beforeMethod -->
        <test-method status="PASS" signature="beforeMethod()[pri:0, instance:org.demoproj.OmayoCentre@27c20538]" name="beforeMethod" is-config="true" duration-ms="1" started-at="2025-02-05T06:19:54Z" finished-at="2025-02-05T06:19:54Z">
          <reporter-output>
          </reporter-output>
        </test-method> <!-- beforeMethod -->
        <test-method status="PASS" signature="afterMethod()[pri:0, instance:org.demoproj.OmayoCentre@27c20538]" name="afterMethod" is-config="true" duration-ms="0" started-at="2025-02-05T06:19:54Z" finished-at="2025-02-05T06:19:54Z">
          <reporter-output>
          </reporter-output>
        </test-method> <!-- afterMethod -->
        <test-method status="PASS" signature="Test3()[pri:0, instance:org.demoproj.OmayoCentre@27c20538]" name="Test3" duration-ms="76" started-at="2025-02-05T06:19:54Z" finished-at="2025-02-05T06:19:55Z">
          <reporter-output>
          </reporter-output>
        </test-method> <!-- Test3 -->
        <test-method status="PASS" signature="afterMethod()[pri:0, instance:org.demoproj.OmayoCentre@27c20538]" name="afterMethod" is-config="true" duration-ms="0" started-at="2025-02-05T06:19:55Z" finished-at="2025-02-05T06:19:55Z">
          <reporter-output>
          </reporter-output>
        </test-method> <!-- afterMethod -->
        <test-method status="PASS" signature="beforeMethod()[pri:0, instance:org.demoproj.OmayoCentre@27c20538]" name="beforeMethod" is-config="true" duration-ms="0" started-at="2025-02-05T06:19:55Z" finished-at="2025-02-05T06:19:55Z">
          <reporter-output>
          </reporter-output>
        </test-method> <!-- beforeMethod -->
        <test-method status="PASS" signature="Test4(java.lang.String, java.lang.String)[pri:0, instance:org.demoproj.OmayoCentre@27c20538]" name="Test4" duration-ms="733" started-at="2025-02-05T06:19:55Z" data-provider="username&amp;password" finished-at="2025-02-05T06:19:55Z">
          <params>
            <param index="0">
              <value>
                <![CDATA[sasi]]>
              </value>
            </param>
            <param index="1">
              <value>
                <![CDATA[java]]>
              </value>
            </param>
          </params>
          <reporter-output>
          </reporter-output>
        </test-method> <!-- Test4 -->
        <test-method status="PASS" signature="beforeMethod()[pri:0, instance:org.demoproj.OmayoCentre@27c20538]" name="beforeMethod" is-config="true" duration-ms="2" started-at="2025-02-05T06:19:55Z" finished-at="2025-02-05T06:19:55Z">
          <reporter-output>
          </reporter-output>
        </test-method> <!-- beforeMethod -->
        <test-method status="PASS" signature="afterMethod()[pri:0, instance:org.demoproj.OmayoCentre@27c20538]" name="afterMethod" is-config="true" duration-ms="0" started-at="2025-02-05T06:19:55Z" finished-at="2025-02-05T06:19:55Z">
          <reporter-output>
          </reporter-output>
        </test-method> <!-- afterMethod -->
        <test-method status="PASS" signature="Test4(java.lang.String, java.lang.String)[pri:0, instance:org.demoproj.OmayoCentre@27c20538]" name="Test4" duration-ms="459" started-at="2025-02-05T06:19:55Z" data-provider="username&amp;password" finished-at="2025-02-05T06:19:56Z">
          <params>
            <param index="0">
              <value>
                <![CDATA[kumar]]>
              </value>
            </param>
            <param index="1">
              <value>
                <![CDATA[python]]>
              </value>
            </param>
          </params>
          <reporter-output>
          </reporter-output>
        </test-method> <!-- Test4 -->
        <test-method status="PASS" signature="afterMethod()[pri:0, instance:org.demoproj.OmayoCentre@27c20538]" name="afterMethod" is-config="true" duration-ms="1" started-at="2025-02-05T06:19:56Z" finished-at="2025-02-05T06:19:56Z">
          <reporter-output>
          </reporter-output>
        </test-method> <!-- afterMethod -->
        <test-method status="PASS" signature="beforeMethod()[pri:0, instance:org.demoproj.OmayoCentre@27c20538]" name="beforeMethod" is-config="true" duration-ms="0" started-at="2025-02-05T06:19:56Z" finished-at="2025-02-05T06:19:56Z">
          <reporter-output>
          </reporter-output>
        </test-method> <!-- beforeMethod -->
        <test-method status="PASS" signature="Test4(java.lang.String, java.lang.String)[pri:0, instance:org.demoproj.OmayoCentre@27c20538]" name="Test4" duration-ms="436" started-at="2025-02-05T06:19:56Z" data-provider="username&amp;password" finished-at="2025-02-05T06:19:56Z">
          <params>
            <param index="0">
              <value>
                <![CDATA[wiki]]>
              </value>
            </param>
            <param index="1">
              <value>
                <![CDATA[selenium]]>
              </value>
            </param>
          </params>
          <reporter-output>
          </reporter-output>
        </test-method> <!-- Test4 -->
        <test-method status="PASS" signature="afterMethod()[pri:0, instance:org.demoproj.OmayoCentre@27c20538]" name="afterMethod" is-config="true" duration-ms="0" started-at="2025-02-05T06:19:56Z" finished-at="2025-02-05T06:19:56Z">
          <reporter-output>
          </reporter-output>
        </test-method> <!-- afterMethod -->
        <test-method status="PASS" signature="beforeMethod()[pri:0, instance:org.demoproj.OmayoCentre@27c20538]" name="beforeMethod" is-config="true" duration-ms="1" started-at="2025-02-05T06:19:56Z" finished-at="2025-02-05T06:19:56Z">
          <reporter-output>
          </reporter-output>
        </test-method> <!-- beforeMethod -->
        <test-method status="PASS" signature="Test4(java.lang.String, java.lang.String)[pri:0, instance:org.demoproj.OmayoCentre@27c20538]" name="Test4" duration-ms="402" started-at="2025-02-05T06:19:56Z" data-provider="username&amp;password" finished-at="2025-02-05T06:19:57Z">
          <params>
            <param index="0">
              <value>
                <![CDATA[junit]]>
              </value>
            </param>
            <param index="1">
              <value>
                <![CDATA[testng]]>
              </value>
            </param>
          </params>
          <reporter-output>
          </reporter-output>
        </test-method> <!-- Test4 -->
        <test-method status="PASS" signature="afterMethod()[pri:0, instance:org.demoproj.OmayoCentre@27c20538]" name="afterMethod" is-config="true" duration-ms="0" started-at="2025-02-05T06:19:57Z" finished-at="2025-02-05T06:19:57Z">
          <reporter-output>
          </reporter-output>
        </test-method> <!-- afterMethod -->
        <test-method status="PASS" signature="Test5(java.lang.String, java.lang.String)[pri:0, instance:org.demoproj.OmayoCentre@27c20538]" name="Test5" duration-ms="436" started-at="2025-02-05T06:19:57Z" data-provider="username&amp;password2" finished-at="2025-02-05T06:19:57Z">
          <params>
            <param index="0">
              <value>
                <![CDATA[sasi@gmail.com]]>
              </value>
            </param>
            <param index="1">
              <value>
                <![CDATA[736844]]>
              </value>
            </param>
          </params>
          <reporter-output>
          </reporter-output>
        </test-method> <!-- Test5 -->
        <test-method status="PASS" signature="beforeMethod()[pri:0, instance:org.demoproj.OmayoCentre@27c20538]" name="beforeMethod" is-config="true" duration-ms="0" started-at="2025-02-05T06:19:57Z" finished-at="2025-02-05T06:19:57Z">
          <reporter-output>
          </reporter-output>
        </test-method> <!-- beforeMethod -->
        <test-method status="PASS" signature="afterMethod()[pri:0, instance:org.demoproj.OmayoCentre@27c20538]" name="afterMethod" is-config="true" duration-ms="2" started-at="2025-02-05T06:19:57Z" finished-at="2025-02-05T06:19:57Z">
          <reporter-output>
          </reporter-output>
        </test-method> <!-- afterMethod -->
        <test-method status="PASS" signature="beforeMethod()[pri:0, instance:org.demoproj.OmayoCentre@27c20538]" name="beforeMethod" is-config="true" duration-ms="1" started-at="2025-02-05T06:19:57Z" finished-at="2025-02-05T06:19:57Z">
          <reporter-output>
          </reporter-output>
        </test-method> <!-- beforeMethod -->
        <test-method status="PASS" signature="Test5(java.lang.String, java.lang.String)[pri:0, instance:org.demoproj.OmayoCentre@27c20538]" name="Test5" duration-ms="455" started-at="2025-02-05T06:19:57Z" data-provider="username&amp;password2" finished-at="2025-02-05T06:19:57Z">
          <params>
            <param index="0">
              <value>
                <![CDATA[kumar@tcs.com]]>
              </value>
            </param>
            <param index="1">
              <value>
                <![CDATA[84785]]>
              </value>
            </param>
          </params>
          <reporter-output>
          </reporter-output>
        </test-method> <!-- Test5 -->
        <test-method status="PASS" signature="beforeMethod()[pri:0, instance:org.demoproj.OmayoCentre@27c20538]" name="beforeMethod" is-config="true" duration-ms="0" started-at="2025-02-05T06:19:57Z" finished-at="2025-02-05T06:19:57Z">
          <reporter-output>
          </reporter-output>
        </test-method> <!-- beforeMethod -->
        <test-method status="PASS" signature="Test5(java.lang.String, java.lang.String)[pri:0, instance:org.demoproj.OmayoCentre@27c20538]" name="Test5" duration-ms="600" started-at="2025-02-05T06:19:57Z" data-provider="username&amp;password2" finished-at="2025-02-05T06:19:58Z">
          <params>
            <param index="0">
              <value>
                <![CDATA[wiki@admin.com]]>
              </value>
            </param>
            <param index="1">
              <value>
                <![CDATA[74674]]>
              </value>
            </param>
          </params>
          <reporter-output>
          </reporter-output>
        </test-method> <!-- Test5 -->
        <test-method status="PASS" signature="afterMethod()[pri:0, instance:org.demoproj.OmayoCentre@27c20538]" name="afterMethod" is-config="true" duration-ms="0" started-at="2025-02-05T06:19:57Z" finished-at="2025-02-05T06:19:57Z">
          <reporter-output>
          </reporter-output>
        </test-method> <!-- afterMethod -->
        <test-method status="PASS" signature="afterMethod()[pri:0, instance:org.demoproj.OmayoCentre@27c20538]" name="afterMethod" is-config="true" duration-ms="0" started-at="2025-02-05T06:19:58Z" finished-at="2025-02-05T06:19:58Z">
          <reporter-output>
          </reporter-output>
        </test-method> <!-- afterMethod -->
        <test-method status="PASS" signature="beforeMethod()[pri:0, instance:org.demoproj.OmayoCentre@27c20538]" name="beforeMethod" is-config="true" duration-ms="0" started-at="2025-02-05T06:19:58Z" finished-at="2025-02-05T06:19:58Z">
          <reporter-output>
          </reporter-output>
        </test-method> <!-- beforeMethod -->
        <test-method status="PASS" signature="Test5(java.lang.String, java.lang.String)[pri:0, instance:org.demoproj.OmayoCentre@27c20538]" name="Test5" duration-ms="486" started-at="2025-02-05T06:19:58Z" data-provider="username&amp;password2" finished-at="2025-02-05T06:19:59Z">
          <params>
            <param index="0">
              <value>
                <![CDATA[junit]]>
              </value>
            </param>
            <param index="1">
              <value>
                <![CDATA[7365784]]>
              </value>
            </param>
          </params>
          <reporter-output>
          </reporter-output>
        </test-method> <!-- Test5 -->
        <test-method status="PASS" signature="beforeMethod()[pri:0, instance:org.demoproj.OmayoCentre@27c20538]" name="beforeMethod" is-config="true" duration-ms="9" started-at="2025-02-05T06:19:59Z" finished-at="2025-02-05T06:19:59Z">
          <reporter-output>
          </reporter-output>
        </test-method> <!-- beforeMethod -->
        <test-method status="PASS" signature="afterMethod()[pri:0, instance:org.demoproj.OmayoCentre@27c20538]" name="afterMethod" is-config="true" duration-ms="0" started-at="2025-02-05T06:19:59Z" finished-at="2025-02-05T06:19:59Z">
          <reporter-output>
          </reporter-output>
        </test-method> <!-- afterMethod -->
        <test-method status="PASS" signature="Test6()[pri:0, instance:org.demoproj.OmayoCentre@27c20538]" name="Test6" duration-ms="190" started-at="2025-02-05T06:19:59Z" finished-at="2025-02-05T06:19:59Z">
          <reporter-output>
          </reporter-output>
        </test-method> <!-- Test6 -->
        <test-method status="PASS" signature="afterMethod()[pri:0, instance:org.demoproj.OmayoCentre@27c20538]" name="afterMethod" is-config="true" duration-ms="6" started-at="2025-02-05T06:19:59Z" finished-at="2025-02-05T06:19:59Z">
          <reporter-output>
          </reporter-output>
        </test-method> <!-- afterMethod -->
        <test-method status="PASS" signature="beforeMethod()[pri:0, instance:org.demoproj.OmayoCentre@27c20538]" name="beforeMethod" is-config="true" duration-ms="0" started-at="2025-02-05T06:19:59Z" finished-at="2025-02-05T06:19:59Z">
          <reporter-output>
          </reporter-output>
        </test-method> <!-- beforeMethod -->
        <test-method status="PASS" signature="Test7()[pri:0, instance:org.demoproj.OmayoCentre@27c20538]" name="Test7" duration-ms="5701" started-at="2025-02-05T06:19:59Z" finished-at="2025-02-05T06:20:04Z">
          <reporter-output>
          </reporter-output>
        </test-method> <!-- Test7 -->
        <test-method status="PASS" signature="afterMethod()[pri:0, instance:org.demoproj.OmayoCentre@27c20538]" name="afterMethod" is-config="true" duration-ms="0" started-at="2025-02-05T06:20:04Z" finished-at="2025-02-05T06:20:04Z">
          <reporter-output>
          </reporter-output>
        </test-method> <!-- afterMethod -->
        <test-method status="PASS" signature="afterClass()[pri:0, instance:org.demoproj.OmayoCentre@27c20538]" name="afterClass" is-config="true" duration-ms="789" started-at="2025-02-05T06:20:04Z" finished-at="2025-02-05T06:20:05Z">
          <reporter-output>
          </reporter-output>
        </test-method> <!-- afterClass -->
      </class> <!-- org.demoproj.OmayoCentre -->
    </test> <!-- Test -->
  </suite> <!-- Suite -->
</testng-results>
